181043056 reads; of these:
  181043056 (100.00%) were paired; of these:
    173563486 (95.87%) aligned concordantly 0 times
    7435103 (4.11%) aligned concordantly exactly 1 time
    44467 (0.02%) aligned concordantly >1 times
    ----
    173563486 pairs aligned concordantly 0 times; of these:
      23522 (0.01%) aligned discordantly 1 time
    ----
    173539964 pairs aligned 0 times concordantly or discordantly; of these:
      347079928 mates make up the pairs; of these:
        346722496 (99.90%) aligned 0 times
        331019 (0.10%) aligned exactly 1 time
        26413 (0.01%) aligned >1 times
4.24% overall alignment rate
178792412 reads; of these:
  178792412 (100.00%) were paired; of these:
    170786597 (95.52%) aligned concordantly 0 times
    7974707 (4.46%) aligned concordantly exactly 1 time
    31108 (0.02%) aligned concordantly >1 times
    ----
    170786597 pairs aligned concordantly 0 times; of these:
      43649 (0.03%) aligned discordantly 1 time
    ----
    170742948 pairs aligned 0 times concordantly or discordantly; of these:
      341485896 mates make up the pairs; of these:
        341084121 (99.88%) aligned 0 times
        372065 (0.11%) aligned exactly 1 time
        29710 (0.01%) aligned >1 times
4.61% overall alignment rate
150115341 reads; of these:
  150115341 (100.00%) were paired; of these:
    144475091 (96.24%) aligned concordantly 0 times
    5600753 (3.73%) aligned concordantly exactly 1 time
    39497 (0.03%) aligned concordantly >1 times
    ----
    144475091 pairs aligned concordantly 0 times; of these:
      54655 (0.04%) aligned discordantly 1 time
    ----
    144420436 pairs aligned 0 times concordantly or discordantly; of these:
      288840872 mates make up the pairs; of these:
        288488828 (99.88%) aligned 0 times
        317224 (0.11%) aligned exactly 1 time
        34820 (0.01%) aligned >1 times
3.91% overall alignment rate
181509024 reads; of these:
  181509024 (100.00%) were paired; of these:
    165173318 (91.00%) aligned concordantly 0 times
    16246616 (8.95%) aligned concordantly exactly 1 time
    89090 (0.05%) aligned concordantly >1 times
    ----
    165173318 pairs aligned concordantly 0 times; of these:
      45647 (0.03%) aligned discordantly 1 time
    ----
    165127671 pairs aligned 0 times concordantly or discordantly; of these:
      330255342 mates make up the pairs; of these:
        329885640 (99.89%) aligned 0 times
        345300 (0.10%) aligned exactly 1 time
        24402 (0.01%) aligned >1 times
9.13% overall alignment rate
205417117 reads; of these:
  205417117 (100.00%) were paired; of these:
    189716880 (92.36%) aligned concordantly 0 times
    15578614 (7.58%) aligned concordantly exactly 1 time
    121623 (0.06%) aligned concordantly >1 times
    ----
    189716880 pairs aligned concordantly 0 times; of these:
      23409 (0.01%) aligned discordantly 1 time
    ----
    189693471 pairs aligned 0 times concordantly or discordantly; of these:
      379386942 mates make up the pairs; of these:
        379016255 (99.90%) aligned 0 times
        328097 (0.09%) aligned exactly 1 time
        42590 (0.01%) aligned >1 times
7.74% overall alignment rate
185733267 reads; of these:
  185733267 (100.00%) were paired; of these:
    184013525 (99.07%) aligned concordantly 0 times
    1710203 (0.92%) aligned concordantly exactly 1 time
    9539 (0.01%) aligned concordantly >1 times
    ----
    184013525 pairs aligned concordantly 0 times; of these:
      5046 (0.00%) aligned discordantly 1 time
    ----
    184008479 pairs aligned 0 times concordantly or discordantly; of these:
      368016958 mates make up the pairs; of these:
        367859661 (99.96%) aligned 0 times
        141554 (0.04%) aligned exactly 1 time
        15743 (0.00%) aligned >1 times
0.97% overall alignment rate
173872925 reads; of these:
  173872925 (100.00%) were paired; of these:
    170749689 (98.20%) aligned concordantly 0 times
    3110237 (1.79%) aligned concordantly exactly 1 time
    12999 (0.01%) aligned concordantly >1 times
    ----
    170749689 pairs aligned concordantly 0 times; of these:
      7603 (0.00%) aligned discordantly 1 time
    ----
    170742086 pairs aligned 0 times concordantly or discordantly; of these:
      341484172 mates make up the pairs; of these:
        341302324 (99.95%) aligned 0 times
        157313 (0.05%) aligned exactly 1 time
        24535 (0.01%) aligned >1 times
1.85% overall alignment rate
159412842 reads; of these:
  159412842 (100.00%) were paired; of these:
    157549289 (98.83%) aligned concordantly 0 times
    1855640 (1.16%) aligned concordantly exactly 1 time
    7913 (0.00%) aligned concordantly >1 times
    ----
    157549289 pairs aligned concordantly 0 times; of these:
      4731 (0.00%) aligned discordantly 1 time
    ----
    157544558 pairs aligned 0 times concordantly or discordantly; of these:
      315089116 mates make up the pairs; of these:
        314910856 (99.94%) aligned 0 times
        161252 (0.05%) aligned exactly 1 time
        17008 (0.01%) aligned >1 times
1.23% overall alignment rate
208618571 reads; of these:
  208618571 (100.00%) were paired; of these:
    205902268 (98.70%) aligned concordantly 0 times
    2705484 (1.30%) aligned concordantly exactly 1 time
    10819 (0.01%) aligned concordantly >1 times
    ----
    205902268 pairs aligned concordantly 0 times; of these:
      7904 (0.00%) aligned discordantly 1 time
    ----
    205894364 pairs aligned 0 times concordantly or discordantly; of these:
      411788728 mates make up the pairs; of these:
        411456021 (99.92%) aligned 0 times
        299748 (0.07%) aligned exactly 1 time
        32959 (0.01%) aligned >1 times
1.39% overall alignment rate
