169546486 reads; of these:
  169546486 (100.00%) were paired; of these:
    167468708 (98.77%) aligned concordantly 0 times
    2069113 (1.22%) aligned concordantly exactly 1 time
    8665 (0.01%) aligned concordantly >1 times
    ----
    167468708 pairs aligned concordantly 0 times; of these:
      7897 (0.00%) aligned discordantly 1 time
    ----
    167460811 pairs aligned 0 times concordantly or discordantly; of these:
      334921622 mates make up the pairs; of these:
        334742985 (99.95%) aligned 0 times
        152071 (0.05%) aligned exactly 1 time
        26566 (0.01%) aligned >1 times
1.28% overall alignment rate
115924494 reads; of these:
  115924494 (100.00%) were paired; of these:
    114164989 (98.48%) aligned concordantly 0 times
    1753800 (1.51%) aligned concordantly exactly 1 time
    5705 (0.00%) aligned concordantly >1 times
    ----
    114164989 pairs aligned concordantly 0 times; of these:
      3831 (0.00%) aligned discordantly 1 time
    ----
    114161158 pairs aligned 0 times concordantly or discordantly; of these:
      228322316 mates make up the pairs; of these:
        228215841 (99.95%) aligned 0 times
        95663 (0.04%) aligned exactly 1 time
        10812 (0.00%) aligned >1 times
1.57% overall alignment rate
111236295 reads; of these:
  111236295 (100.00%) were paired; of these:
    107757468 (96.87%) aligned concordantly 0 times
    3469611 (3.12%) aligned concordantly exactly 1 time
    9216 (0.01%) aligned concordantly >1 times
    ----
    107757468 pairs aligned concordantly 0 times; of these:
      6360 (0.01%) aligned discordantly 1 time
    ----
    107751108 pairs aligned 0 times concordantly or discordantly; of these:
      215502216 mates make up the pairs; of these:
        215378204 (99.94%) aligned 0 times
        112828 (0.05%) aligned exactly 1 time
        11184 (0.01%) aligned >1 times
3.19% overall alignment rate
115835461 reads; of these:
  115835461 (100.00%) were paired; of these:
    115320391 (99.56%) aligned concordantly 0 times
    511224 (0.44%) aligned concordantly exactly 1 time
    3846 (0.00%) aligned concordantly >1 times
    ----
    115320391 pairs aligned concordantly 0 times; of these:
      1381 (0.00%) aligned discordantly 1 time
    ----
    115319010 pairs aligned 0 times concordantly or discordantly; of these:
      230638020 mates make up the pairs; of these:
        230566393 (99.97%) aligned 0 times
        63520 (0.03%) aligned exactly 1 time
        8107 (0.00%) aligned >1 times
0.48% overall alignment rate
117679280 reads; of these:
  117679280 (100.00%) were paired; of these:
    116973844 (99.40%) aligned concordantly 0 times
    701474 (0.60%) aligned concordantly exactly 1 time
    3962 (0.00%) aligned concordantly >1 times
    ----
    116973844 pairs aligned concordantly 0 times; of these:
      1861 (0.00%) aligned discordantly 1 time
    ----
    116971983 pairs aligned 0 times concordantly or discordantly; of these:
      233943966 mates make up the pairs; of these:
        233832773 (99.95%) aligned 0 times
        102454 (0.04%) aligned exactly 1 time
        8739 (0.00%) aligned >1 times
0.65% overall alignment rate
204303488 reads; of these:
  204303488 (100.00%) were paired; of these:
    201816998 (98.78%) aligned concordantly 0 times
    2475902 (1.21%) aligned concordantly exactly 1 time
    10588 (0.01%) aligned concordantly >1 times
    ----
    201816998 pairs aligned concordantly 0 times; of these:
      10664 (0.01%) aligned discordantly 1 time
    ----
    201806334 pairs aligned 0 times concordantly or discordantly; of these:
      403612668 mates make up the pairs; of these:
        403302629 (99.92%) aligned 0 times
        285670 (0.07%) aligned exactly 1 time
        24369 (0.01%) aligned >1 times
1.30% overall alignment rate
180677310 reads; of these:
  180677310 (100.00%) were paired; of these:
    178849099 (98.99%) aligned concordantly 0 times
    1820145 (1.01%) aligned concordantly exactly 1 time
    8066 (0.00%) aligned concordantly >1 times
    ----
    178849099 pairs aligned concordantly 0 times; of these:
      8644 (0.00%) aligned discordantly 1 time
    ----
    178840455 pairs aligned 0 times concordantly or discordantly; of these:
      357680910 mates make up the pairs; of these:
        357412921 (99.93%) aligned 0 times
        246196 (0.07%) aligned exactly 1 time
        21793 (0.01%) aligned >1 times
1.09% overall alignment rate
185301437 reads; of these:
  185301437 (100.00%) were paired; of these:
    183685163 (99.13%) aligned concordantly 0 times
    1609190 (0.87%) aligned concordantly exactly 1 time
    7084 (0.00%) aligned concordantly >1 times
    ----
    183685163 pairs aligned concordantly 0 times; of these:
      5989 (0.00%) aligned discordantly 1 time
    ----
    183679174 pairs aligned 0 times concordantly or discordantly; of these:
      367358348 mates make up the pairs; of these:
        367022540 (99.91%) aligned 0 times
        313980 (0.09%) aligned exactly 1 time
        21828 (0.01%) aligned >1 times
0.97% overall alignment rate
