161109098 reads; of these:
  161109098 (100.00%) were paired; of these:
    157585604 (97.81%) aligned concordantly 0 times
    3493835 (2.17%) aligned concordantly exactly 1 time
    29659 (0.02%) aligned concordantly >1 times
    ----
    157585604 pairs aligned concordantly 0 times; of these:
      8209 (0.01%) aligned discordantly 1 time
    ----
    157577395 pairs aligned 0 times concordantly or discordantly; of these:
      315154790 mates make up the pairs; of these:
        314853028 (99.90%) aligned 0 times
        274937 (0.09%) aligned exactly 1 time
        26825 (0.01%) aligned >1 times
2.29% overall alignment rate
148931622 reads; of these:
  148931622 (100.00%) were paired; of these:
    143143360 (96.11%) aligned concordantly 0 times
    5735648 (3.85%) aligned concordantly exactly 1 time
    52614 (0.04%) aligned concordantly >1 times
    ----
    143143360 pairs aligned concordantly 0 times; of these:
      8522 (0.01%) aligned discordantly 1 time
    ----
    143134838 pairs aligned 0 times concordantly or discordantly; of these:
      286269676 mates make up the pairs; of these:
        286046849 (99.92%) aligned 0 times
        181754 (0.06%) aligned exactly 1 time
        41073 (0.01%) aligned >1 times
3.97% overall alignment rate
164887873 reads; of these:
  164887873 (100.00%) were paired; of these:
    160320917 (97.23%) aligned concordantly 0 times
    4463361 (2.71%) aligned concordantly exactly 1 time
    103595 (0.06%) aligned concordantly >1 times
    ----
    160320917 pairs aligned concordantly 0 times; of these:
      10983 (0.01%) aligned discordantly 1 time
    ----
    160309934 pairs aligned 0 times concordantly or discordantly; of these:
      320619868 mates make up the pairs; of these:
        320202174 (99.87%) aligned 0 times
        338961 (0.11%) aligned exactly 1 time
        78733 (0.02%) aligned >1 times
2.90% overall alignment rate
159790673 reads; of these:
  159790673 (100.00%) were paired; of these:
    155080525 (97.05%) aligned concordantly 0 times
    4663332 (2.92%) aligned concordantly exactly 1 time
    46816 (0.03%) aligned concordantly >1 times
    ----
    155080525 pairs aligned concordantly 0 times; of these:
      11846 (0.01%) aligned discordantly 1 time
    ----
    155068679 pairs aligned 0 times concordantly or discordantly; of these:
      310137358 mates make up the pairs; of these:
        309838169 (99.90%) aligned 0 times
        262700 (0.08%) aligned exactly 1 time
        36489 (0.01%) aligned >1 times
3.05% overall alignment rate
159232942 reads; of these:
  159232942 (100.00%) were paired; of these:
    155969400 (97.95%) aligned concordantly 0 times
    3230802 (2.03%) aligned concordantly exactly 1 time
    32740 (0.02%) aligned concordantly >1 times
    ----
    155969400 pairs aligned concordantly 0 times; of these:
      8148 (0.01%) aligned discordantly 1 time
    ----
    155961252 pairs aligned 0 times concordantly or discordantly; of these:
      311922504 mates make up the pairs; of these:
        311624003 (99.90%) aligned 0 times
        256462 (0.08%) aligned exactly 1 time
        42039 (0.01%) aligned >1 times
2.15% overall alignment rate
163833487 reads; of these:
  163833487 (100.00%) were paired; of these:
    160425216 (97.92%) aligned concordantly 0 times
    3342098 (2.04%) aligned concordantly exactly 1 time
    66173 (0.04%) aligned concordantly >1 times
    ----
    160425216 pairs aligned concordantly 0 times; of these:
      9032 (0.01%) aligned discordantly 1 time
    ----
    160416184 pairs aligned 0 times concordantly or discordantly; of these:
      320832368 mates make up the pairs; of these:
        320503762 (99.90%) aligned 0 times
        274452 (0.09%) aligned exactly 1 time
        54154 (0.02%) aligned >1 times
2.19% overall alignment rate
