156224214 reads; of these:
  156224214 (100.00%) were paired; of these:
    148371824 (94.97%) aligned concordantly 0 times
    7777149 (4.98%) aligned concordantly exactly 1 time
    75241 (0.05%) aligned concordantly >1 times
    ----
    148371824 pairs aligned concordantly 0 times; of these:
      14733 (0.01%) aligned discordantly 1 time
    ----
    148357091 pairs aligned 0 times concordantly or discordantly; of these:
      296714182 mates make up the pairs; of these:
        296084337 (99.79%) aligned 0 times
        558414 (0.19%) aligned exactly 1 time
        71431 (0.02%) aligned >1 times
5.24% overall alignment rate
160202146 reads; of these:
  160202146 (100.00%) were paired; of these:
    153425726 (95.77%) aligned concordantly 0 times
    6734461 (4.20%) aligned concordantly exactly 1 time
    41959 (0.03%) aligned concordantly >1 times
    ----
    153425726 pairs aligned concordantly 0 times; of these:
      14171 (0.01%) aligned discordantly 1 time
    ----
    153411555 pairs aligned 0 times concordantly or discordantly; of these:
      306823110 mates make up the pairs; of these:
        306375356 (99.85%) aligned 0 times
        396867 (0.13%) aligned exactly 1 time
        50887 (0.02%) aligned >1 times
4.38% overall alignment rate
194489634 reads; of these:
  194489634 (100.00%) were paired; of these:
    192258893 (98.85%) aligned concordantly 0 times
    2219996 (1.14%) aligned concordantly exactly 1 time
    10745 (0.01%) aligned concordantly >1 times
    ----
    192258893 pairs aligned concordantly 0 times; of these:
      8257 (0.00%) aligned discordantly 1 time
    ----
    192250636 pairs aligned 0 times concordantly or discordantly; of these:
      384501272 mates make up the pairs; of these:
        384236312 (99.93%) aligned 0 times
        238412 (0.06%) aligned exactly 1 time
        26548 (0.01%) aligned >1 times
1.22% overall alignment rate
161900698 reads; of these:
  161900698 (100.00%) were paired; of these:
    160793943 (99.32%) aligned concordantly 0 times
    1088793 (0.67%) aligned concordantly exactly 1 time
    17962 (0.01%) aligned concordantly >1 times
    ----
    160793943 pairs aligned concordantly 0 times; of these:
      5626 (0.00%) aligned discordantly 1 time
    ----
    160788317 pairs aligned 0 times concordantly or discordantly; of these:
      321576634 mates make up the pairs; of these:
        321296687 (99.91%) aligned 0 times
        230043 (0.07%) aligned exactly 1 time
        49904 (0.02%) aligned >1 times
0.77% overall alignment rate
191740452 reads; of these:
  191740452 (100.00%) were paired; of these:
    189277053 (98.72%) aligned concordantly 0 times
    2445000 (1.28%) aligned concordantly exactly 1 time
    18399 (0.01%) aligned concordantly >1 times
    ----
    189277053 pairs aligned concordantly 0 times; of these:
      6144 (0.00%) aligned discordantly 1 time
    ----
    189270909 pairs aligned 0 times concordantly or discordantly; of these:
      378541818 mates make up the pairs; of these:
        378184240 (99.91%) aligned 0 times
        308995 (0.08%) aligned exactly 1 time
        48583 (0.01%) aligned >1 times
1.38% overall alignment rate
173792479 reads; of these:
  173792479 (100.00%) were paired; of these:
    171797976 (98.85%) aligned concordantly 0 times
    1974917 (1.14%) aligned concordantly exactly 1 time
    19586 (0.01%) aligned concordantly >1 times
    ----
    171797976 pairs aligned concordantly 0 times; of these:
      4934 (0.00%) aligned discordantly 1 time
    ----
    171793042 pairs aligned 0 times concordantly or discordantly; of these:
      343586084 mates make up the pairs; of these:
        343257247 (99.90%) aligned 0 times
        279351 (0.08%) aligned exactly 1 time
        49486 (0.01%) aligned >1 times
1.25% overall alignment rate
142551731 reads; of these:
  142551731 (100.00%) were paired; of these:
    136662020 (95.87%) aligned concordantly 0 times
    5813533 (4.08%) aligned concordantly exactly 1 time
    76178 (0.05%) aligned concordantly >1 times
    ----
    136662020 pairs aligned concordantly 0 times; of these:
      10333 (0.01%) aligned discordantly 1 time
    ----
    136651687 pairs aligned 0 times concordantly or discordantly; of these:
      273303374 mates make up the pairs; of these:
        272955601 (99.87%) aligned 0 times
        276655 (0.10%) aligned exactly 1 time
        71118 (0.03%) aligned >1 times
4.26% overall alignment rate
196949989 reads; of these:
  196949989 (100.00%) were paired; of these:
    194626973 (98.82%) aligned concordantly 0 times
    2318586 (1.18%) aligned concordantly exactly 1 time
    4430 (0.00%) aligned concordantly >1 times
    ----
    194626973 pairs aligned concordantly 0 times; of these:
      4076 (0.00%) aligned discordantly 1 time
    ----
    194622897 pairs aligned 0 times concordantly or discordantly; of these:
      389245794 mates make up the pairs; of these:
        389056140 (99.95%) aligned 0 times
        174383 (0.04%) aligned exactly 1 time
        15271 (0.00%) aligned >1 times
1.23% overall alignment rate
