183825084 reads; of these:
  183825084 (100.00%) were paired; of these:
    182353849 (99.20%) aligned concordantly 0 times
    1444805 (0.79%) aligned concordantly exactly 1 time
    26430 (0.01%) aligned concordantly >1 times
    ----
    182353849 pairs aligned concordantly 0 times; of these:
      4123 (0.00%) aligned discordantly 1 time
    ----
    182349726 pairs aligned 0 times concordantly or discordantly; of these:
      364699452 mates make up the pairs; of these:
        364429334 (99.93%) aligned 0 times
        213811 (0.06%) aligned exactly 1 time
        56307 (0.02%) aligned >1 times
0.88% overall alignment rate
133142079 reads; of these:
  133142079 (100.00%) were paired; of these:
    131017039 (98.40%) aligned concordantly 0 times
    2067765 (1.55%) aligned concordantly exactly 1 time
    57275 (0.04%) aligned concordantly >1 times
    ----
    131017039 pairs aligned concordantly 0 times; of these:
      4498 (0.00%) aligned discordantly 1 time
    ----
    131012541 pairs aligned 0 times concordantly or discordantly; of these:
      262025082 mates make up the pairs; of these:
        261787665 (99.91%) aligned 0 times
        183360 (0.07%) aligned exactly 1 time
        54057 (0.02%) aligned >1 times
1.69% overall alignment rate
160447865 reads; of these:
  160447865 (100.00%) were paired; of these:
    147311877 (91.81%) aligned concordantly 0 times
    13027812 (8.12%) aligned concordantly exactly 1 time
    108176 (0.07%) aligned concordantly >1 times
    ----
    147311877 pairs aligned concordantly 0 times; of these:
      25548 (0.02%) aligned discordantly 1 time
    ----
    147286329 pairs aligned 0 times concordantly or discordantly; of these:
      294572658 mates make up the pairs; of these:
        294151397 (99.86%) aligned 0 times
        334889 (0.11%) aligned exactly 1 time
        86372 (0.03%) aligned >1 times
8.33% overall alignment rate
176765172 reads; of these:
  176765172 (100.00%) were paired; of these:
    168925846 (95.57%) aligned concordantly 0 times
    7759425 (4.39%) aligned concordantly exactly 1 time
    79901 (0.05%) aligned concordantly >1 times
    ----
    168925846 pairs aligned concordantly 0 times; of these:
      15198 (0.01%) aligned discordantly 1 time
    ----
    168910648 pairs aligned 0 times concordantly or discordantly; of these:
      337821296 mates make up the pairs; of these:
        337471952 (99.90%) aligned 0 times
        291686 (0.09%) aligned exactly 1 time
        57658 (0.02%) aligned >1 times
4.54% overall alignment rate
157449184 reads; of these:
  157449184 (100.00%) were paired; of these:
    150933699 (95.86%) aligned concordantly 0 times
    6472246 (4.11%) aligned concordantly exactly 1 time
    43239 (0.03%) aligned concordantly >1 times
    ----
    150933699 pairs aligned concordantly 0 times; of these:
      10932 (0.01%) aligned discordantly 1 time
    ----
    150922767 pairs aligned 0 times concordantly or discordantly; of these:
      301845534 mates make up the pairs; of these:
        301562623 (99.91%) aligned 0 times
        237015 (0.08%) aligned exactly 1 time
        45896 (0.02%) aligned >1 times
4.23% overall alignment rate
125277547 reads; of these:
  125277547 (100.00%) were paired; of these:
    121481645 (96.97%) aligned concordantly 0 times
    3731104 (2.98%) aligned concordantly exactly 1 time
    64798 (0.05%) aligned concordantly >1 times
    ----
    121481645 pairs aligned concordantly 0 times; of these:
      5715 (0.00%) aligned discordantly 1 time
    ----
    121475930 pairs aligned 0 times concordantly or discordantly; of these:
      242951860 mates make up the pairs; of these:
        242701154 (99.90%) aligned 0 times
        198354 (0.08%) aligned exactly 1 time
        52352 (0.02%) aligned >1 times
3.13% overall alignment rate
204696214 reads; of these:
  204696214 (100.00%) were paired; of these:
    202573382 (98.96%) aligned concordantly 0 times
    2112295 (1.03%) aligned concordantly exactly 1 time
    10537 (0.01%) aligned concordantly >1 times
    ----
    202573382 pairs aligned concordantly 0 times; of these:
      3541 (0.00%) aligned discordantly 1 time
    ----
    202569841 pairs aligned 0 times concordantly or discordantly; of these:
      405139682 mates make up the pairs; of these:
        404999300 (99.97%) aligned 0 times
        102563 (0.03%) aligned exactly 1 time
        37819 (0.01%) aligned >1 times
1.07% overall alignment rate
169641632 reads; of these:
  169641632 (100.00%) were paired; of these:
    168637644 (99.41%) aligned concordantly 0 times
    1000838 (0.59%) aligned concordantly exactly 1 time
    3150 (0.00%) aligned concordantly >1 times
    ----
    168637644 pairs aligned concordantly 0 times; of these:
      2765 (0.00%) aligned discordantly 1 time
    ----
    168634879 pairs aligned 0 times concordantly or discordantly; of these:
      337269758 mates make up the pairs; of these:
        337007308 (99.92%) aligned 0 times
        249759 (0.07%) aligned exactly 1 time
        12691 (0.00%) aligned >1 times
0.67% overall alignment rate
