210418876 reads; of these:
  210418876 (100.00%) were paired; of these:
    205300974 (97.57%) aligned concordantly 0 times
    4863555 (2.31%) aligned concordantly exactly 1 time
    254347 (0.12%) aligned concordantly >1 times
    ----
    205300974 pairs aligned concordantly 0 times; of these:
      35892 (0.02%) aligned discordantly 1 time
    ----
    205265082 pairs aligned 0 times concordantly or discordantly; of these:
      410530164 mates make up the pairs; of these:
        409599577 (99.77%) aligned 0 times
        481377 (0.12%) aligned exactly 1 time
        449210 (0.11%) aligned >1 times
2.67% overall alignment rate
126027308 reads; of these:
  126027308 (100.00%) were paired; of these:
    122265631 (97.02%) aligned concordantly 0 times
    3694368 (2.93%) aligned concordantly exactly 1 time
    67309 (0.05%) aligned concordantly >1 times
    ----
    122265631 pairs aligned concordantly 0 times; of these:
      23231 (0.02%) aligned discordantly 1 time
    ----
    122242400 pairs aligned 0 times concordantly or discordantly; of these:
      244484800 mates make up the pairs; of these:
        243898821 (99.76%) aligned 0 times
        416087 (0.17%) aligned exactly 1 time
        169892 (0.07%) aligned >1 times
3.24% overall alignment rate
184535177 reads; of these:
  184535177 (100.00%) were paired; of these:
    180854348 (98.01%) aligned concordantly 0 times
    3647976 (1.98%) aligned concordantly exactly 1 time
    32853 (0.02%) aligned concordantly >1 times
    ----
    180854348 pairs aligned concordantly 0 times; of these:
      13796 (0.01%) aligned discordantly 1 time
    ----
    180840552 pairs aligned 0 times concordantly or discordantly; of these:
      361681104 mates make up the pairs; of these:
        361342152 (99.91%) aligned 0 times
        318264 (0.09%) aligned exactly 1 time
        20688 (0.01%) aligned >1 times
2.09% overall alignment rate
174174635 reads; of these:
  174174635 (100.00%) were paired; of these:
    170051755 (97.63%) aligned concordantly 0 times
    3983677 (2.29%) aligned concordantly exactly 1 time
    139203 (0.08%) aligned concordantly >1 times
    ----
    170051755 pairs aligned concordantly 0 times; of these:
      16844 (0.01%) aligned discordantly 1 time
    ----
    170034911 pairs aligned 0 times concordantly or discordantly; of these:
      340069822 mates make up the pairs; of these:
        339688863 (99.89%) aligned 0 times
        346845 (0.10%) aligned exactly 1 time
        34114 (0.01%) aligned >1 times
2.49% overall alignment rate
177719925 reads; of these:
  177719925 (100.00%) were paired; of these:
    173783812 (97.79%) aligned concordantly 0 times
    3865169 (2.17%) aligned concordantly exactly 1 time
    70944 (0.04%) aligned concordantly >1 times
    ----
    173783812 pairs aligned concordantly 0 times; of these:
      10560 (0.01%) aligned discordantly 1 time
    ----
    173773252 pairs aligned 0 times concordantly or discordantly; of these:
      347546504 mates make up the pairs; of these:
        347134080 (99.88%) aligned 0 times
        379868 (0.11%) aligned exactly 1 time
        32556 (0.01%) aligned >1 times
2.34% overall alignment rate
154165928 reads; of these:
  154165928 (100.00%) were paired; of these:
    151497303 (98.27%) aligned concordantly 0 times
    2591289 (1.68%) aligned concordantly exactly 1 time
    77336 (0.05%) aligned concordantly >1 times
    ----
    151497303 pairs aligned concordantly 0 times; of these:
      9037 (0.01%) aligned discordantly 1 time
    ----
    151488266 pairs aligned 0 times concordantly or discordantly; of these:
      302976532 mates make up the pairs; of these:
        302665445 (99.90%) aligned 0 times
        285342 (0.09%) aligned exactly 1 time
        25745 (0.01%) aligned >1 times
1.84% overall alignment rate
