226080809 reads; of these:
  226080809 (100.00%) were paired; of these:
    224804216 (99.44%) aligned concordantly 0 times
    1271348 (0.56%) aligned concordantly exactly 1 time
    5245 (0.00%) aligned concordantly >1 times
    ----
    224804216 pairs aligned concordantly 0 times; of these:
      8206 (0.00%) aligned discordantly 1 time
    ----
    224796010 pairs aligned 0 times concordantly or discordantly; of these:
      449592020 mates make up the pairs; of these:
        449232489 (99.92%) aligned 0 times
        336648 (0.07%) aligned exactly 1 time
        22883 (0.01%) aligned >1 times
0.65% overall alignment rate
187291556 reads; of these:
  187291556 (100.00%) were paired; of these:
    184913397 (98.73%) aligned concordantly 0 times
    2365927 (1.26%) aligned concordantly exactly 1 time
    12232 (0.01%) aligned concordantly >1 times
    ----
    184913397 pairs aligned concordantly 0 times; of these:
      6288 (0.00%) aligned discordantly 1 time
    ----
    184907109 pairs aligned 0 times concordantly or discordantly; of these:
      369814218 mates make up the pairs; of these:
        369715698 (99.97%) aligned 0 times
        90386 (0.02%) aligned exactly 1 time
        8134 (0.00%) aligned >1 times
1.30% overall alignment rate
155153486 reads; of these:
  155153486 (100.00%) were paired; of these:
    153899554 (99.19%) aligned concordantly 0 times
    1243290 (0.80%) aligned concordantly exactly 1 time
    10642 (0.01%) aligned concordantly >1 times
    ----
    153899554 pairs aligned concordantly 0 times; of these:
      3395 (0.00%) aligned discordantly 1 time
    ----
    153896159 pairs aligned 0 times concordantly or discordantly; of these:
      307792318 mates make up the pairs; of these:
        307705994 (99.97%) aligned 0 times
        71851 (0.02%) aligned exactly 1 time
        14473 (0.00%) aligned >1 times
0.84% overall alignment rate
159888236 reads; of these:
  159888236 (100.00%) were paired; of these:
    158547076 (99.16%) aligned concordantly 0 times
    1331468 (0.83%) aligned concordantly exactly 1 time
    9692 (0.01%) aligned concordantly >1 times
    ----
    158547076 pairs aligned concordantly 0 times; of these:
      4248 (0.00%) aligned discordantly 1 time
    ----
    158542828 pairs aligned 0 times concordantly or discordantly; of these:
      317085656 mates make up the pairs; of these:
        316981008 (99.97%) aligned 0 times
        87893 (0.03%) aligned exactly 1 time
        16755 (0.01%) aligned >1 times
0.87% overall alignment rate
140649515 reads; of these:
  140649515 (100.00%) were paired; of these:
    139526825 (99.20%) aligned concordantly 0 times
    1115153 (0.79%) aligned concordantly exactly 1 time
    7537 (0.01%) aligned concordantly >1 times
    ----
    139526825 pairs aligned concordantly 0 times; of these:
      2381 (0.00%) aligned discordantly 1 time
    ----
    139524444 pairs aligned 0 times concordantly or discordantly; of these:
      279048888 mates make up the pairs; of these:
        278968761 (99.97%) aligned 0 times
        66765 (0.02%) aligned exactly 1 time
        13362 (0.00%) aligned >1 times
0.83% overall alignment rate
215719049 reads; of these:
  215719049 (100.00%) were paired; of these:
    214357856 (99.37%) aligned concordantly 0 times
    1351791 (0.63%) aligned concordantly exactly 1 time
    9402 (0.00%) aligned concordantly >1 times
    ----
    214357856 pairs aligned concordantly 0 times; of these:
      4265 (0.00%) aligned discordantly 1 time
    ----
    214353591 pairs aligned 0 times concordantly or discordantly; of these:
      428707182 mates make up the pairs; of these:
        428573838 (99.97%) aligned 0 times
        111661 (0.03%) aligned exactly 1 time
        21683 (0.01%) aligned >1 times
0.66% overall alignment rate
119319836 reads; of these:
  119319836 (100.00%) were paired; of these:
    118322826 (99.16%) aligned concordantly 0 times
    991747 (0.83%) aligned concordantly exactly 1 time
    5263 (0.00%) aligned concordantly >1 times
    ----
    118322826 pairs aligned concordantly 0 times; of these:
      2347 (0.00%) aligned discordantly 1 time
    ----
    118320479 pairs aligned 0 times concordantly or discordantly; of these:
      236640958 mates make up the pairs; of these:
        236537672 (99.96%) aligned 0 times
        90672 (0.04%) aligned exactly 1 time
        12614 (0.01%) aligned >1 times
0.88% overall alignment rate
