150772650 reads; of these:
  150772650 (100.00%) were paired; of these:
    149197917 (98.96%) aligned concordantly 0 times
    1556680 (1.03%) aligned concordantly exactly 1 time
    18053 (0.01%) aligned concordantly >1 times
    ----
    149197917 pairs aligned concordantly 0 times; of these:
      4064 (0.00%) aligned discordantly 1 time
    ----
    149193853 pairs aligned 0 times concordantly or discordantly; of these:
      298387706 mates make up the pairs; of these:
        298295600 (99.97%) aligned 0 times
        68044 (0.02%) aligned exactly 1 time
        24062 (0.01%) aligned >1 times
1.08% overall alignment rate
204045433 reads; of these:
  204045433 (100.00%) were paired; of these:
    198305935 (97.19%) aligned concordantly 0 times
    5666337 (2.78%) aligned concordantly exactly 1 time
    73161 (0.04%) aligned concordantly >1 times
    ----
    198305935 pairs aligned concordantly 0 times; of these:
      22894 (0.01%) aligned discordantly 1 time
    ----
    198283041 pairs aligned 0 times concordantly or discordantly; of these:
      396566082 mates make up the pairs; of these:
        395940769 (99.84%) aligned 0 times
        456822 (0.12%) aligned exactly 1 time
        168491 (0.04%) aligned >1 times
2.98% overall alignment rate
211851937 reads; of these:
  211851937 (100.00%) were paired; of these:
    206497456 (97.47%) aligned concordantly 0 times
    5181498 (2.45%) aligned concordantly exactly 1 time
    172983 (0.08%) aligned concordantly >1 times
    ----
    206497456 pairs aligned concordantly 0 times; of these:
      16271 (0.01%) aligned discordantly 1 time
    ----
    206481185 pairs aligned 0 times concordantly or discordantly; of these:
      412962370 mates make up the pairs; of these:
        412434847 (99.87%) aligned 0 times
        495613 (0.12%) aligned exactly 1 time
        31910 (0.01%) aligned >1 times
2.66% overall alignment rate
166816431 reads; of these:
  166816431 (100.00%) were paired; of these:
    162152639 (97.20%) aligned concordantly 0 times
    4554996 (2.73%) aligned concordantly exactly 1 time
    108796 (0.07%) aligned concordantly >1 times
    ----
    162152639 pairs aligned concordantly 0 times; of these:
      11163 (0.01%) aligned discordantly 1 time
    ----
    162141476 pairs aligned 0 times concordantly or discordantly; of these:
      324282952 mates make up the pairs; of these:
        323879018 (99.88%) aligned 0 times
        372049 (0.11%) aligned exactly 1 time
        31885 (0.01%) aligned >1 times
2.92% overall alignment rate
167256643 reads; of these:
  167256643 (100.00%) were paired; of these:
    162774252 (97.32%) aligned concordantly 0 times
    4417898 (2.64%) aligned concordantly exactly 1 time
    64493 (0.04%) aligned concordantly >1 times
    ----
    162774252 pairs aligned concordantly 0 times; of these:
      10645 (0.01%) aligned discordantly 1 time
    ----
    162763607 pairs aligned 0 times concordantly or discordantly; of these:
      325527214 mates make up the pairs; of these:
        325150405 (99.88%) aligned 0 times
        341404 (0.10%) aligned exactly 1 time
        35405 (0.01%) aligned >1 times
2.80% overall alignment rate
166437015 reads; of these:
  166437015 (100.00%) were paired; of these:
    163031397 (97.95%) aligned concordantly 0 times
    3398237 (2.04%) aligned concordantly exactly 1 time
    7381 (0.00%) aligned concordantly >1 times
    ----
    163031397 pairs aligned concordantly 0 times; of these:
      3955 (0.00%) aligned discordantly 1 time
    ----
    163027442 pairs aligned 0 times concordantly or discordantly; of these:
      326054884 mates make up the pairs; of these:
        325938645 (99.96%) aligned 0 times
        102964 (0.03%) aligned exactly 1 time
        13275 (0.00%) aligned >1 times
2.08% overall alignment rate
183983234 reads; of these:
  183983234 (100.00%) were paired; of these:
    178987510 (97.28%) aligned concordantly 0 times
    4988649 (2.71%) aligned concordantly exactly 1 time
    7075 (0.00%) aligned concordantly >1 times
    ----
    178987510 pairs aligned concordantly 0 times; of these:
      5743 (0.00%) aligned discordantly 1 time
    ----
    178981767 pairs aligned 0 times concordantly or discordantly; of these:
      357963534 mates make up the pairs; of these:
        357784211 (99.95%) aligned 0 times
        168830 (0.05%) aligned exactly 1 time
        10493 (0.00%) aligned >1 times
2.77% overall alignment rate
180638151 reads; of these:
  180638151 (100.00%) were paired; of these:
    179315754 (99.27%) aligned concordantly 0 times
    1318097 (0.73%) aligned concordantly exactly 1 time
    4300 (0.00%) aligned concordantly >1 times
    ----
    179315754 pairs aligned concordantly 0 times; of these:
      3230 (0.00%) aligned discordantly 1 time
    ----
    179312524 pairs aligned 0 times concordantly or discordantly; of these:
      358625048 mates make up the pairs; of these:
        358485547 (99.96%) aligned 0 times
        124684 (0.03%) aligned exactly 1 time
        14817 (0.00%) aligned >1 times
0.77% overall alignment rate
