


 CLUSTAL 2.1 Multiple Sequence Alignments


Sequence type explicitly set to Protein
Sequence format is Pearson
Sequence 1: ARCHAEAAFC98916.1   533 aa
Sequence 2: WP_012698832.1      492 aa
Sequence 3: AEX25782.1          492 aa
Sequence 4: WP_039800831.1      492 aa
Sequence 5: WP_090619181.1      493 aa
Sequence 6: WP_090349185.1      493 aa
Sequence 7: WP_090444292.1      493 aa
Sequence 8: WP_090313068.1      493 aa
Sequence 9: Q44045.1            489 aa
Sequence 10: WP_011912505.1      493 aa
Sequence 11: WP_028240787.1      493 aa
Sequence 12: WP_065835948.1      493 aa
Sequence 13: WP_044616593.1      493 aa
Sequence 14: WP_045825324.1      493 aa
Sequence 15: WP_015817787.1      493 aa
Sequence 16: WP_075185653.1      493 aa
Sequence 17: WP_012728879.1      482 aa
Sequence 18: WP_069958444.1      491 aa
Sequence 19: OIO53743.1          492 aa
Sequence 20: WP_028996169.1      490 aa
Sequence 21: WP_012954003.1      480 aa
Sequence 22: KFF41298.1          480 aa
Sequence 23: WP_008274043.1      480 aa
Sequence 24: BAF47152.1          480 aa
Sequence 25: WP_007305801.1      478 aa
Sequence 26: AAW57050.1          478 aa
Sequence 27: WP_013323682.1      476 aa
Sequence 28: WP_012595105.1      476 aa
Sequence 29: AAA64844.1          476 aa
Sequence 30: WP_015850330.1      544 aa
Sequence 31: WP_027723055.1      545 aa
Sequence 32: WP_020001629.1      545 aa
Sequence 33: WP_013513971.1      545 aa
Sequence 34: WP_015416175.1      545 aa
Sequence 35: WP_071544379.1      545 aa
Sequence 36: WP_066802114.1      545 aa
Sequence 37: WP_031482846.1      546 aa
Sequence 38: WP_027177789.1      545 aa
Sequence 39: WP_014321932.1      545 aa
Sequence 40: WP_054649226.1      545 aa
Sequence 41: WP_018124918.1      545 aa
Sequence 42: WP_004074849.1      544 aa
Sequence 43: WP_035237767.1      543 aa
Sequence 44: WP_015902871.1      554 aa
Sequence 45: WP_022667734.1      548 aa
Sequence 46: OGR23269.1          539 aa
Sequence 47: WP_027358824.1      536 aa
Sequence 48: WP_092215982.1      549 aa
Sequence 49: WP_011697881.1      551 aa
Sequence 50: WP_041284093.1      543 aa
Sequence 51: WP_069897284.1      544 aa
Sequence 52: WP_013255566.1      540 aa
Sequence 53: ANW                 472 aa
Sequence 54: ASW                 926 aa
Sequence 55: ION                 634 aa
Sequence 56: MED                 403 aa
Sequence 57: PON                 634 aa
Sequence 58: PSE                 583 aa
Sequence 59: PSW                 961 aa
Start of Pairwise alignments
Aligning...

Sequences (1:2) Aligned. Score:  44
Sequences (1:3) Aligned. Score:  43
Sequences (1:4) Aligned. Score:  43
Sequences (1:5) Aligned. Score:  43
Sequences (1:6) Aligned. Score:  43
Sequences (1:7) Aligned. Score:  43
Sequences (1:8) Aligned. Score:  43
Sequences (1:9) Aligned. Score:  41
Sequences (1:10) Aligned. Score:  43
Sequences (1:11) Aligned. Score:  43
Sequences (1:12) Aligned. Score:  42
Sequences (1:13) Aligned. Score:  43
Sequences (1:14) Aligned. Score:  43
Sequences (1:15) Aligned. Score:  43
Sequences (1:16) Aligned. Score:  43
Sequences (1:17) Aligned. Score:  44
Sequences (1:18) Aligned. Score:  43
Sequences (1:19) Aligned. Score:  44
Sequences (1:20) Aligned. Score:  43
Sequences (1:21) Aligned. Score:  43
Sequences (1:22) Aligned. Score:  43
Sequences (1:23) Aligned. Score:  45
Sequences (1:24) Aligned. Score:  44
Sequences (1:25) Aligned. Score:  44
Sequences (1:26) Aligned. Score:  44
Sequences (1:27) Aligned. Score:  43
Sequences (1:28) Aligned. Score:  43
Sequences (1:29) Aligned. Score:  44
Sequences (1:30) Aligned. Score:  49
Sequences (1:31) Aligned. Score:  50
Sequences (1:32) Aligned. Score:  48
Sequences (1:33) Aligned. Score:  49
Sequences (1:34) Aligned. Score:  49
Sequences (1:35) Aligned. Score:  51
Sequences (1:36) Aligned. Score:  50
Sequences (1:37) Aligned. Score:  50
Sequences (1:38) Aligned. Score:  49
Sequences (1:39) Aligned. Score:  49
Sequences (1:40) Aligned. Score:  48
Sequences (1:41) Aligned. Score:  48
Sequences (1:42) Aligned. Score:  49
Sequences (1:43) Aligned. Score:  49
Sequences (1:44) Aligned. Score:  48
Sequences (1:45) Aligned. Score:  49
Sequences (1:46) Aligned. Score:  51
Sequences (1:47) Aligned. Score:  50
Sequences (1:48) Aligned. Score:  51
Sequences (1:49) Aligned. Score:  51
Sequences (1:50) Aligned. Score:  51
Sequences (1:51) Aligned. Score:  51
Sequences (1:52) Aligned. Score:  50
Sequences (1:53) Aligned. Score:  45
Sequences (1:54) Aligned. Score:  39
Sequences (1:55) Aligned. Score:  40
Sequences (1:56) Aligned. Score:  18
Sequences (1:57) Aligned. Score:  40
Sequences (1:58) Aligned. Score:  37
Sequences (1:59) Aligned. Score:  49
Sequences (2:3) Aligned. Score:  98
Sequences (2:4) Aligned. Score:  95
Sequences (2:5) Aligned. Score:  94
Sequences (2:6) Aligned. Score:  90
Sequences (2:7) Aligned. Score:  90
Sequences (2:8) Aligned. Score:  90
Sequences (2:9) Aligned. Score:  86
Sequences (2:10) Aligned. Score:  89
Sequences (2:11) Aligned. Score:  89
Sequences (2:12) Aligned. Score:  84
Sequences (2:13) Aligned. Score:  87
Sequences (2:14) Aligned. Score:  84
Sequences (2:15) Aligned. Score:  85
Sequences (2:16) Aligned. Score:  79
Sequences (2:17) Aligned. Score:  81
Sequences (2:18) Aligned. Score:  81
Sequences (2:19) Aligned. Score:  82
Sequences (2:20) Aligned. Score:  78
Sequences (2:21) Aligned. Score:  71
Sequences (2:22) Aligned. Score:  71
Sequences (2:23) Aligned. Score:  71
Sequences (2:24) Aligned. Score:  70
Sequences (2:25) Aligned. Score:  71
Sequences (2:26) Aligned. Score:  71
Sequences (2:27) Aligned. Score:  70
Sequences (2:28) Aligned. Score:  71
Sequences (2:29) Aligned. Score:  71
Sequences (2:30) Aligned. Score:  39
Sequences (2:31) Aligned. Score:  38
Sequences (2:32) Aligned. Score:  38
Sequences (2:33) Aligned. Score:  38
Sequences (2:34) Aligned. Score:  38
Sequences (2:35) Aligned. Score:  38
Sequences (2:36) Aligned. Score:  39
Sequences (2:37) Aligned. Score:  39
Sequences (2:38) Aligned. Score:  38
Sequences (2:39) Aligned. Score:  38
Sequences (2:40) Aligned. Score:  37
Sequences (2:41) Aligned. Score:  38
Sequences (2:42) Aligned. Score:  40
Sequences (2:43) Aligned. Score:  39
Sequences (2:44) Aligned. Score:  39
Sequences (2:45) Aligned. Score:  40
Sequences (2:46) Aligned. Score:  41
Sequences (2:47) Aligned. Score:  40
Sequences (2:48) Aligned. Score:  39
Sequences (2:49) Aligned. Score:  40
Sequences (2:50) Aligned. Score:  40
Sequences (2:51) Aligned. Score:  39
Sequences (2:52) Aligned. Score:  40
Sequences (2:53) Aligned. Score:  88
Sequences (2:54) Aligned. Score:  70
Sequences (2:55) Aligned. Score:  87
Sequences (2:56) Aligned. Score:  13
Sequences (2:57) Aligned. Score:  87
Sequences (2:58) Aligned. Score:  79
Sequences (2:59) Aligned. Score:  42
Sequences (3:4) Aligned. Score:  94
Sequences (3:5) Aligned. Score:  93
Sequences (3:6) Aligned. Score:  89
Sequences (3:7) Aligned. Score:  90
Sequences (3:8) Aligned. Score:  90
Sequences (3:9) Aligned. Score:  85
Sequences (3:10) Aligned. Score:  89
Sequences (3:11) Aligned. Score:  89
Sequences (3:12) Aligned. Score:  84
Sequences (3:13) Aligned. Score:  86
Sequences (3:14) Aligned. Score:  84
Sequences (3:15) Aligned. Score:  84
Sequences (3:16) Aligned. Score:  79
Sequences (3:17) Aligned. Score:  80
Sequences (3:18) Aligned. Score:  81
Sequences (3:19) Aligned. Score:  81
Sequences (3:20) Aligned. Score:  77
Sequences (3:21) Aligned. Score:  71
Sequences (3:22) Aligned. Score:  71
Sequences (3:23) Aligned. Score:  71
Sequences (3:24) Aligned. Score:  69
Sequences (3:25) Aligned. Score:  71
Sequences (3:26) Aligned. Score:  71
Sequences (3:27) Aligned. Score:  70
Sequences (3:28) Aligned. Score:  71
Sequences (3:29) Aligned. Score:  70
Sequences (3:30) Aligned. Score:  39
Sequences (3:31) Aligned. Score:  38
Sequences (3:32) Aligned. Score:  37
Sequences (3:33) Aligned. Score:  38
Sequences (3:34) Aligned. Score:  38
Sequences (3:35) Aligned. Score:  38
Sequences (3:36) Aligned. Score:  39
Sequences (3:37) Aligned. Score:  38
Sequences (3:38) Aligned. Score:  38
Sequences (3:39) Aligned. Score:  37
Sequences (3:40) Aligned. Score:  37
Sequences (3:41) Aligned. Score:  38
Sequences (3:42) Aligned. Score:  40
Sequences (3:43) Aligned. Score:  39
Sequences (3:44) Aligned. Score:  39
Sequences (3:45) Aligned. Score:  40
Sequences (3:46) Aligned. Score:  41
Sequences (3:47) Aligned. Score:  40
Sequences (3:48) Aligned. Score:  39
Sequences (3:49) Aligned. Score:  40
Sequences (3:50) Aligned. Score:  39
Sequences (3:51) Aligned. Score:  39
Sequences (3:52) Aligned. Score:  40
Sequences (3:53) Aligned. Score:  87
Sequences (3:54) Aligned. Score:  69
Sequences (3:55) Aligned. Score:  86
Sequences (3:56) Aligned. Score:  13
Sequences (3:57) Aligned. Score:  86
Sequences (3:58) Aligned. Score:  78
Sequences (3:59) Aligned. Score:  42
Sequences (4:5) Aligned. Score:  96
Sequences (4:6) Aligned. Score:  93
Sequences (4:7) Aligned. Score:  92
Sequences (4:8) Aligned. Score:  92
Sequences (4:9) Aligned. Score:  86
Sequences (4:10) Aligned. Score:  89
Sequences (4:11) Aligned. Score:  89
Sequences (4:12) Aligned. Score:  86
Sequences (4:13) Aligned. Score:  88
Sequences (4:14) Aligned. Score:  86
Sequences (4:15) Aligned. Score:  86
Sequences (4:16) Aligned. Score:  81
Sequences (4:17) Aligned. Score:  81
Sequences (4:18) Aligned. Score:  82
Sequences (4:19) Aligned. Score:  83
Sequences (4:20) Aligned. Score:  79
Sequences (4:21) Aligned. Score:  71
Sequences (4:22) Aligned. Score:  71
Sequences (4:23) Aligned. Score:  71
Sequences (4:24) Aligned. Score:  69
Sequences (4:25) Aligned. Score:  70
Sequences (4:26) Aligned. Score:  71
Sequences (4:27) Aligned. Score:  71
Sequences (4:28) Aligned. Score:  72
Sequences (4:29) Aligned. Score:  71
Sequences (4:30) Aligned. Score:  39
Sequences (4:31) Aligned. Score:  38
Sequences (4:32) Aligned. Score:  38
Sequences (4:33) Aligned. Score:  38
Sequences (4:34) Aligned. Score:  38
Sequences (4:35) Aligned. Score:  39
Sequences (4:36) Aligned. Score:  39
Sequences (4:37) Aligned. Score:  39
Sequences (4:38) Aligned. Score:  39
Sequences (4:39) Aligned. Score:  38
Sequences (4:40) Aligned. Score:  37
Sequences (4:41) Aligned. Score:  37
Sequences (4:42) Aligned. Score:  40
Sequences (4:43) Aligned. Score:  39
Sequences (4:44) Aligned. Score:  38
Sequences (4:45) Aligned. Score:  40
Sequences (4:46) Aligned. Score:  41
Sequences (4:47) Aligned. Score:  40
Sequences (4:48) Aligned. Score:  39
Sequences (4:49) Aligned. Score:  40
Sequences (4:50) Aligned. Score:  40
Sequences (4:51) Aligned. Score:  39
Sequences (4:52) Aligned. Score:  41
Sequences (4:53) Aligned. Score:  89
Sequences (4:54) Aligned. Score:  69
Sequences (4:55) Aligned. Score:  89
Sequences (4:56) Aligned. Score:  13
Sequences (4:57) Aligned. Score:  89
Sequences (4:58) Aligned. Score:  80
Sequences (4:59) Aligned. Score:  41
Sequences (5:6) Aligned. Score:  94
Sequences (5:7) Aligned. Score:  93
Sequences (5:8) Aligned. Score:  93
Sequences (5:9) Aligned. Score:  87
Sequences (5:10) Aligned. Score:  91
Sequences (5:11) Aligned. Score:  91
Sequences (5:12) Aligned. Score:  88
Sequences (5:13) Aligned. Score:  88
Sequences (5:14) Aligned. Score:  86
Sequences (5:15) Aligned. Score:  87
Sequences (5:16) Aligned. Score:  81
Sequences (5:17) Aligned. Score:  81
Sequences (5:18) Aligned. Score:  81
Sequences (5:19) Aligned. Score:  83
Sequences (5:20) Aligned. Score:  80
Sequences (5:21) Aligned. Score:  71
Sequences (5:22) Aligned. Score:  71
Sequences (5:23) Aligned. Score:  71
Sequences (5:24) Aligned. Score:  69
Sequences (5:25) Aligned. Score:  70
Sequences (5:26) Aligned. Score:  71
Sequences (5:27) Aligned. Score:  71
Sequences (5:28) Aligned. Score:  72
Sequences (5:29) Aligned. Score:  71
Sequences (5:30) Aligned. Score:  39
Sequences (5:31) Aligned. Score:  39
Sequences (5:32) Aligned. Score:  39
Sequences (5:33) Aligned. Score:  38
Sequences (5:34) Aligned. Score:  38
Sequences (5:35) Aligned. Score:  39
Sequences (5:36) Aligned. Score:  39
Sequences (5:37) Aligned. Score:  39
Sequences (5:38) Aligned. Score:  39
Sequences (5:39) Aligned. Score:  38
Sequences (5:40) Aligned. Score:  37
Sequences (5:41) Aligned. Score:  38
Sequences (5:42) Aligned. Score:  40
Sequences (5:43) Aligned. Score:  39
Sequences (5:44) Aligned. Score:  39
Sequences (5:45) Aligned. Score:  40
Sequences (5:46) Aligned. Score:  41
Sequences (5:47) Aligned. Score:  41
Sequences (5:48) Aligned. Score:  39
Sequences (5:49) Aligned. Score:  41
Sequences (5:50) Aligned. Score:  40
Sequences (5:51) Aligned. Score:  39
Sequences (5:52) Aligned. Score:  41
Sequences (5:53) Aligned. Score:  89
Sequences (5:54) Aligned. Score:  69
Sequences (5:55) Aligned. Score:  88
Sequences (5:56) Aligned. Score:  13
Sequences (5:57) Aligned. Score:  88
Sequences (5:58) Aligned. Score:  79
Sequences (5:59) Aligned. Score:  42
Sequences (6:7) Aligned. Score:  94
Sequences (6:8) Aligned. Score:  94
Sequences (6:9) Aligned. Score:  89
Sequences (6:10) Aligned. Score:  92
Sequences (6:11) Aligned. Score:  92
Sequences (6:12) Aligned. Score:  90
Sequences (6:13) Aligned. Score:  89
Sequences (6:14) Aligned. Score:  88
Sequences (6:15) Aligned. Score:  88
Sequences (6:16) Aligned. Score:  82
Sequences (6:17) Aligned. Score:  82
Sequences (6:18) Aligned. Score:  82
Sequences (6:19) Aligned. Score:  84
Sequences (6:20) Aligned. Score:  81
Sequences (6:21) Aligned. Score:  72
Sequences (6:22) Aligned. Score:  72
Sequences (6:23) Aligned. Score:  72
Sequences (6:24) Aligned. Score:  71
Sequences (6:25) Aligned. Score:  72
Sequences (6:26) Aligned. Score:  73
Sequences (6:27) Aligned. Score:  73
Sequences (6:28) Aligned. Score:  73
Sequences (6:29) Aligned. Score:  72
Sequences (6:30) Aligned. Score:  39
Sequences (6:31) Aligned. Score:  38
Sequences (6:32) Aligned. Score:  37
Sequences (6:33) Aligned. Score:  37
Sequences (6:34) Aligned. Score:  38
Sequences (6:35) Aligned. Score:  37
Sequences (6:36) Aligned. Score:  39
Sequences (6:37) Aligned. Score:  39
Sequences (6:38) Aligned. Score:  38
Sequences (6:39) Aligned. Score:  38
Sequences (6:40) Aligned. Score:  37
Sequences (6:41) Aligned. Score:  37
Sequences (6:42) Aligned. Score:  41
Sequences (6:43) Aligned. Score:  40
Sequences (6:44) Aligned. Score:  38
Sequences (6:45) Aligned. Score:  40
Sequences (6:46) Aligned. Score:  41
Sequences (6:47) Aligned. Score:  40
Sequences (6:48) Aligned. Score:  38
Sequences (6:49) Aligned. Score:  41
Sequences (6:50) Aligned. Score:  40
Sequences (6:51) Aligned. Score:  39
Sequences (6:52) Aligned. Score:  41
Sequences (6:53) Aligned. Score:  90
Sequences (6:54) Aligned. Score:  70
Sequences (6:55) Aligned. Score:  88
Sequences (6:56) Aligned. Score:  13
Sequences (6:57) Aligned. Score:  88
Sequences (6:58) Aligned. Score:  79
Sequences (6:59) Aligned. Score:  42
Sequences (7:8) Aligned. Score:  98
Sequences (7:9) Aligned. Score:  89
Sequences (7:10) Aligned. Score:  92
Sequences (7:11) Aligned. Score:  93
Sequences (7:12) Aligned. Score:  89
Sequences (7:13) Aligned. Score:  89
Sequences (7:14) Aligned. Score:  88
Sequences (7:15) Aligned. Score:  89
Sequences (7:16) Aligned. Score:  81
Sequences (7:17) Aligned. Score:  82
Sequences (7:18) Aligned. Score:  82
Sequences (7:19) Aligned. Score:  84
Sequences (7:20) Aligned. Score:  80
Sequences (7:21) Aligned. Score:  71
Sequences (7:22) Aligned. Score:  71
Sequences (7:23) Aligned. Score:  71
Sequences (7:24) Aligned. Score:  70
Sequences (7:25) Aligned. Score:  71
Sequences (7:26) Aligned. Score:  72
Sequences (7:27) Aligned. Score:  72
Sequences (7:28) Aligned. Score:  72
Sequences (7:29) Aligned. Score:  71
Sequences (7:30) Aligned. Score:  40
Sequences (7:31) Aligned. Score:  39
Sequences (7:32) Aligned. Score:  38
Sequences (7:33) Aligned. Score:  39
Sequences (7:34) Aligned. Score:  39
Sequences (7:35) Aligned. Score:  39
Sequences (7:36) Aligned. Score:  39
Sequences (7:37) Aligned. Score:  39
Sequences (7:38) Aligned. Score:  39
Sequences (7:39) Aligned. Score:  38
Sequences (7:40) Aligned. Score:  37
Sequences (7:41) Aligned. Score:  38
Sequences (7:42) Aligned. Score:  40
Sequences (7:43) Aligned. Score:  39
Sequences (7:44) Aligned. Score:  38
Sequences (7:45) Aligned. Score:  39
Sequences (7:46) Aligned. Score:  40
Sequences (7:47) Aligned. Score:  40
Sequences (7:48) Aligned. Score:  38
Sequences (7:49) Aligned. Score:  40
Sequences (7:50) Aligned. Score:  40
Sequences (7:51) Aligned. Score:  38
Sequences (7:52) Aligned. Score:  41
Sequences (7:53) Aligned. Score:  90
Sequences (7:54) Aligned. Score:  69
Sequences (7:55) Aligned. Score:  89
Sequences (7:56) Aligned. Score:  14
Sequences (7:57) Aligned. Score:  89
Sequences (7:58) Aligned. Score:  79
Sequences (7:59) Aligned. Score:  42
Sequences (8:9) Aligned. Score:  89
Sequences (8:10) Aligned. Score:  92
Sequences (8:11) Aligned. Score:  92
Sequences (8:12) Aligned. Score:  89
Sequences (8:13) Aligned. Score:  89
Sequences (8:14) Aligned. Score:  88
Sequences (8:15) Aligned. Score:  88
Sequences (8:16) Aligned. Score:  81
Sequences (8:17) Aligned. Score:  82
Sequences (8:18) Aligned. Score:  82
Sequences (8:19) Aligned. Score:  83
Sequences (8:20) Aligned. Score:  79
Sequences (8:21) Aligned. Score:  71
Sequences (8:22) Aligned. Score:  71
Sequences (8:23) Aligned. Score:  71
Sequences (8:24) Aligned. Score:  70
Sequences (8:25) Aligned. Score:  71
Sequences (8:26) Aligned. Score:  72
Sequences (8:27) Aligned. Score:  72
Sequences (8:28) Aligned. Score:  72
Sequences (8:29) Aligned. Score:  71
Sequences (8:30) Aligned. Score:  40
Sequences (8:31) Aligned. Score:  39
Sequences (8:32) Aligned. Score:  38
Sequences (8:33) Aligned. Score:  38
Sequences (8:34) Aligned. Score:  39
Sequences (8:35) Aligned. Score:  38
Sequences (8:36) Aligned. Score:  39
Sequences (8:37) Aligned. Score:  39
Sequences (8:38) Aligned. Score:  39
Sequences (8:39) Aligned. Score:  38
Sequences (8:40) Aligned. Score:  37
Sequences (8:41) Aligned. Score:  38
Sequences (8:42) Aligned. Score:  40
Sequences (8:43) Aligned. Score:  39
Sequences (8:44) Aligned. Score:  38
Sequences (8:45) Aligned. Score:  39
Sequences (8:46) Aligned. Score:  40
Sequences (8:47) Aligned. Score:  40
Sequences (8:48) Aligned. Score:  38
Sequences (8:49) Aligned. Score:  40
Sequences (8:50) Aligned. Score:  39
Sequences (8:51) Aligned. Score:  39
Sequences (8:52) Aligned. Score:  41
Sequences (8:53) Aligned. Score:  90
Sequences (8:54) Aligned. Score:  69
Sequences (8:55) Aligned. Score:  89
Sequences (8:56) Aligned. Score:  14
Sequences (8:57) Aligned. Score:  89
Sequences (8:58) Aligned. Score:  79
Sequences (8:59) Aligned. Score:  42
Sequences (9:10) Aligned. Score:  96
Sequences (9:11) Aligned. Score:  95
Sequences (9:12) Aligned. Score:  88
Sequences (9:13) Aligned. Score:  87
Sequences (9:14) Aligned. Score:  85
Sequences (9:15) Aligned. Score:  86
Sequences (9:16) Aligned. Score:  79
Sequences (9:17) Aligned. Score:  78
Sequences (9:18) Aligned. Score:  78
Sequences (9:19) Aligned. Score:  81
Sequences (9:20) Aligned. Score:  78
Sequences (9:21) Aligned. Score:  70
Sequences (9:22) Aligned. Score:  70
Sequences (9:23) Aligned. Score:  70
Sequences (9:24) Aligned. Score:  68
Sequences (9:25) Aligned. Score:  69
Sequences (9:26) Aligned. Score:  69
Sequences (9:27) Aligned. Score:  70
Sequences (9:28) Aligned. Score:  70
Sequences (9:29) Aligned. Score:  70
Sequences (9:30) Aligned. Score:  39
Sequences (9:31) Aligned. Score:  39
Sequences (9:32) Aligned. Score:  38
Sequences (9:33) Aligned. Score:  37
Sequences (9:34) Aligned. Score:  38
Sequences (9:35) Aligned. Score:  37
Sequences (9:36) Aligned. Score:  38
Sequences (9:37) Aligned. Score:  39
Sequences (9:38) Aligned. Score:  38
Sequences (9:39) Aligned. Score:  38
Sequences (9:40) Aligned. Score:  38
Sequences (9:41) Aligned. Score:  38
Sequences (9:42) Aligned. Score:  41
Sequences (9:43) Aligned. Score:  39
Sequences (9:44) Aligned. Score:  38
Sequences (9:45) Aligned. Score:  40
Sequences (9:46) Aligned. Score:  41
Sequences (9:47) Aligned. Score:  40
Sequences (9:48) Aligned. Score:  39
Sequences (9:49) Aligned. Score:  40
Sequences (9:50) Aligned. Score:  40
Sequences (9:51) Aligned. Score:  39
Sequences (9:52) Aligned. Score:  40
Sequences (9:53) Aligned. Score:  87
Sequences (9:54) Aligned. Score:  69
Sequences (9:55) Aligned. Score:  85
Sequences (9:56) Aligned. Score:  14
Sequences (9:57) Aligned. Score:  85
Sequences (9:58) Aligned. Score:  75
Sequences (9:59) Aligned. Score:  41
Sequences (10:11) Aligned. Score:  98
Sequences (10:12) Aligned. Score:  91
Sequences (10:13) Aligned. Score:  90
Sequences (10:14) Aligned. Score:  88
Sequences (10:15) Aligned. Score:  88
Sequences (10:16) Aligned. Score:  81
Sequences (10:17) Aligned. Score:  81
Sequences (10:18) Aligned. Score:  82
Sequences (10:19) Aligned. Score:  84
Sequences (10:20) Aligned. Score:  82
Sequences (10:21) Aligned. Score:  72
Sequences (10:22) Aligned. Score:  72
Sequences (10:23) Aligned. Score:  73
Sequences (10:24) Aligned. Score:  71
Sequences (10:25) Aligned. Score:  72
Sequences (10:26) Aligned. Score:  72
Sequences (10:27) Aligned. Score:  73
Sequences (10:28) Aligned. Score:  73
Sequences (10:29) Aligned. Score:  73
Sequences (10:30) Aligned. Score:  40
Sequences (10:31) Aligned. Score:  39
Sequences (10:32) Aligned. Score:  39
Sequences (10:33) Aligned. Score:  38
Sequences (10:34) Aligned. Score:  39
Sequences (10:35) Aligned. Score:  38
Sequences (10:36) Aligned. Score:  39
Sequences (10:37) Aligned. Score:  40
Sequences (10:38) Aligned. Score:  39
Sequences (10:39) Aligned. Score:  38
Sequences (10:40) Aligned. Score:  38
Sequences (10:41) Aligned. Score:  38
Sequences (10:42) Aligned. Score:  42
Sequences (10:43) Aligned. Score:  40
Sequences (10:44) Aligned. Score:  39
Sequences (10:45) Aligned. Score:  41
Sequences (10:46) Aligned. Score:  42
Sequences (10:47) Aligned. Score:  41
Sequences (10:48) Aligned. Score:  39
Sequences (10:49) Aligned. Score:  41
Sequences (10:50) Aligned. Score:  40
Sequences (10:51) Aligned. Score:  39
Sequences (10:52) Aligned. Score:  40
Sequences (10:53) Aligned. Score:  90
Sequences (10:54) Aligned. Score:  71
Sequences (10:55) Aligned. Score:  87
Sequences (10:56) Aligned. Score:  14
Sequences (10:57) Aligned. Score:  87
Sequences (10:58) Aligned. Score:  78
Sequences (10:59) Aligned. Score:  42
Sequences (11:12) Aligned. Score:  92
Sequences (11:13) Aligned. Score:  89
Sequences (11:14) Aligned. Score:  88
Sequences (11:15) Aligned. Score:  88
Sequences (11:16) Aligned. Score:  81
Sequences (11:17) Aligned. Score:  81
Sequences (11:18) Aligned. Score:  82
Sequences (11:19) Aligned. Score:  83
Sequences (11:20) Aligned. Score:  81
Sequences (11:21) Aligned. Score:  72
Sequences (11:22) Aligned. Score:  72
Sequences (11:23) Aligned. Score:  72
Sequences (11:24) Aligned. Score:  71
Sequences (11:25) Aligned. Score:  71
Sequences (11:26) Aligned. Score:  72
Sequences (11:27) Aligned. Score:  72
Sequences (11:28) Aligned. Score:  72
Sequences (11:29) Aligned. Score:  72
Sequences (11:30) Aligned. Score:  40
Sequences (11:31) Aligned. Score:  40
Sequences (11:32) Aligned. Score:  39
Sequences (11:33) Aligned. Score:  38
Sequences (11:34) Aligned. Score:  39
Sequences (11:35) Aligned. Score:  39
Sequences (11:36) Aligned. Score:  40
Sequences (11:37) Aligned. Score:  40
Sequences (11:38) Aligned. Score:  39
Sequences (11:39) Aligned. Score:  39
Sequences (11:40) Aligned. Score:  39
Sequences (11:41) Aligned. Score:  39
Sequences (11:42) Aligned. Score:  42
Sequences (11:43) Aligned. Score:  40
Sequences (11:44) Aligned. Score:  39
Sequences (11:45) Aligned. Score:  41
Sequences (11:46) Aligned. Score:  42
Sequences (11:47) Aligned. Score:  41
Sequences (11:48) Aligned. Score:  40
Sequences (11:49) Aligned. Score:  41
Sequences (11:50) Aligned. Score:  41
Sequences (11:51) Aligned. Score:  39
Sequences (11:52) Aligned. Score:  40
Sequences (11:53) Aligned. Score:  90
Sequences (11:54) Aligned. Score:  70
Sequences (11:55) Aligned. Score:  87
Sequences (11:56) Aligned. Score:  12
Sequences (11:57) Aligned. Score:  87
Sequences (11:58) Aligned. Score:  78
Sequences (11:59) Aligned. Score:  42
Sequences (12:13) Aligned. Score:  87
Sequences (12:14) Aligned. Score:  87
Sequences (12:15) Aligned. Score:  87
Sequences (12:16) Aligned. Score:  80
Sequences (12:17) Aligned. Score:  80
Sequences (12:18) Aligned. Score:  80
Sequences (12:19) Aligned. Score:  82
Sequences (12:20) Aligned. Score:  81
Sequences (12:21) Aligned. Score:  71
Sequences (12:22) Aligned. Score:  71
Sequences (12:23) Aligned. Score:  71
Sequences (12:24) Aligned. Score:  70
Sequences (12:25) Aligned. Score:  70
Sequences (12:26) Aligned. Score:  71
Sequences (12:27) Aligned. Score:  71
Sequences (12:28) Aligned. Score:  71
Sequences (12:29) Aligned. Score:  71
Sequences (12:30) Aligned. Score:  40
Sequences (12:31) Aligned. Score:  39
Sequences (12:32) Aligned. Score:  38
Sequences (12:33) Aligned. Score:  38
Sequences (12:34) Aligned. Score:  38
Sequences (12:35) Aligned. Score:  38
Sequences (12:36) Aligned. Score:  39
Sequences (12:37) Aligned. Score:  39
Sequences (12:38) Aligned. Score:  39
Sequences (12:39) Aligned. Score:  38
Sequences (12:40) Aligned. Score:  38
Sequences (12:41) Aligned. Score:  38
Sequences (12:42) Aligned. Score:  41
Sequences (12:43) Aligned. Score:  40
Sequences (12:44) Aligned. Score:  39
Sequences (12:45) Aligned. Score:  40
Sequences (12:46) Aligned. Score:  41
Sequences (12:47) Aligned. Score:  41
Sequences (12:48) Aligned. Score:  40
Sequences (12:49) Aligned. Score:  41
Sequences (12:50) Aligned. Score:  41
Sequences (12:51) Aligned. Score:  40
Sequences (12:52) Aligned. Score:  40
Sequences (12:53) Aligned. Score:  89
Sequences (12:54) Aligned. Score:  69
Sequences (12:55) Aligned. Score:  85
Sequences (12:56) Aligned. Score:  13
Sequences (12:57) Aligned. Score:  85
Sequences (12:58) Aligned. Score:  75
Sequences (12:59) Aligned. Score:  42
Sequences (13:14) Aligned. Score:  88
Sequences (13:15) Aligned. Score:  88
Sequences (13:16) Aligned. Score:  83
Sequences (13:17) Aligned. Score:  83
Sequences (13:18) Aligned. Score:  82
Sequences (13:19) Aligned. Score:  85
Sequences (13:20) Aligned. Score:  82
Sequences (13:21) Aligned. Score:  73
Sequences (13:22) Aligned. Score:  72
Sequences (13:23) Aligned. Score:  73
Sequences (13:24) Aligned. Score:  72
Sequences (13:25) Aligned. Score:  73
Sequences (13:26) Aligned. Score:  74
Sequences (13:27) Aligned. Score:  74
Sequences (13:28) Aligned. Score:  74
Sequences (13:29) Aligned. Score:  73
Sequences (13:30) Aligned. Score:  40
Sequences (13:31) Aligned. Score:  40
Sequences (13:32) Aligned. Score:  38
Sequences (13:33) Aligned. Score:  38
Sequences (13:34) Aligned. Score:  38
Sequences (13:35) Aligned. Score:  38
Sequences (13:36) Aligned. Score:  39
Sequences (13:37) Aligned. Score:  39
Sequences (13:38) Aligned. Score:  39
Sequences (13:39) Aligned. Score:  38
Sequences (13:40) Aligned. Score:  38
Sequences (13:41) Aligned. Score:  39
Sequences (13:42) Aligned. Score:  41
Sequences (13:43) Aligned. Score:  40
Sequences (13:44) Aligned. Score:  38
Sequences (13:45) Aligned. Score:  41
Sequences (13:46) Aligned. Score:  41
Sequences (13:47) Aligned. Score:  41
Sequences (13:48) Aligned. Score:  39
Sequences (13:49) Aligned. Score:  40
Sequences (13:50) Aligned. Score:  40
Sequences (13:51) Aligned. Score:  40
Sequences (13:52) Aligned. Score:  40
Sequences (13:53) Aligned. Score:  92
Sequences (13:54) Aligned. Score:  71
Sequences (13:55) Aligned. Score:  91
Sequences (13:56) Aligned. Score:  17
Sequences (13:57) Aligned. Score:  91
Sequences (13:58) Aligned. Score:  81
Sequences (13:59) Aligned. Score:  43
Sequences (14:15) Aligned. Score:  99
Sequences (14:16) Aligned. Score:  83
Sequences (14:17) Aligned. Score:  82
Sequences (14:18) Aligned. Score:  82
Sequences (14:19) Aligned. Score:  83
Sequences (14:20) Aligned. Score:  79
Sequences (14:21) Aligned. Score:  70
Sequences (14:22) Aligned. Score:  70
Sequences (14:23) Aligned. Score:  72
Sequences (14:24) Aligned. Score:  71
Sequences (14:25) Aligned. Score:  72
Sequences (14:26) Aligned. Score:  73
Sequences (14:27) Aligned. Score:  72
Sequences (14:28) Aligned. Score:  71
Sequences (14:29) Aligned. Score:  71
Sequences (14:30) Aligned. Score:  39
Sequences (14:31) Aligned. Score:  39
Sequences (14:32) Aligned. Score:  38
Sequences (14:33) Aligned. Score:  38
Sequences (14:34) Aligned. Score:  39
Sequences (14:35) Aligned. Score:  38
Sequences (14:36) Aligned. Score:  39
Sequences (14:37) Aligned. Score:  39
Sequences (14:38) Aligned. Score:  39
Sequences (14:39) Aligned. Score:  38
Sequences (14:40) Aligned. Score:  38
Sequences (14:41) Aligned. Score:  39
Sequences (14:42) Aligned. Score:  41
Sequences (14:43) Aligned. Score:  40
Sequences (14:44) Aligned. Score:  39
Sequences (14:45) Aligned. Score:  39
Sequences (14:46) Aligned. Score:  41
Sequences (14:47) Aligned. Score:  41
Sequences (14:48) Aligned. Score:  40
Sequences (14:49) Aligned. Score:  40
Sequences (14:50) Aligned. Score:  40
Sequences (14:51) Aligned. Score:  40
Sequences (14:52) Aligned. Score:  42
Sequences (14:53) Aligned. Score:  90
Sequences (14:54) Aligned. Score:  69
Sequences (14:55) Aligned. Score:  87
Sequences (14:56) Aligned. Score:  14
Sequences (14:57) Aligned. Score:  87
Sequences (14:58) Aligned. Score:  78
Sequences (14:59) Aligned. Score:  42
Sequences (15:16) Aligned. Score:  84
Sequences (15:17) Aligned. Score:  83
Sequences (15:18) Aligned. Score:  82
Sequences (15:19) Aligned. Score:  83
Sequences (15:20) Aligned. Score:  79
Sequences (15:21) Aligned. Score:  71
Sequences (15:22) Aligned. Score:  71
Sequences (15:23) Aligned. Score:  72
Sequences (15:24) Aligned. Score:  71
Sequences (15:25) Aligned. Score:  72
Sequences (15:26) Aligned. Score:  73
Sequences (15:27) Aligned. Score:  72
Sequences (15:28) Aligned. Score:  72
Sequences (15:29) Aligned. Score:  71
Sequences (15:30) Aligned. Score:  39
Sequences (15:31) Aligned. Score:  39
Sequences (15:32) Aligned. Score:  38
Sequences (15:33) Aligned. Score:  38
Sequences (15:34) Aligned. Score:  39
Sequences (15:35) Aligned. Score:  38
Sequences (15:36) Aligned. Score:  39
Sequences (15:37) Aligned. Score:  39
Sequences (15:38) Aligned. Score:  39
Sequences (15:39) Aligned. Score:  38
Sequences (15:40) Aligned. Score:  38
Sequences (15:41) Aligned. Score:  39
Sequences (15:42) Aligned. Score:  41
Sequences (15:43) Aligned. Score:  39
Sequences (15:44) Aligned. Score:  39
Sequences (15:45) Aligned. Score:  40
Sequences (15:46) Aligned. Score:  41
Sequences (15:47) Aligned. Score:  41
Sequences (15:48) Aligned. Score:  40
Sequences (15:49) Aligned. Score:  40
Sequences (15:50) Aligned. Score:  40
Sequences (15:51) Aligned. Score:  40
Sequences (15:52) Aligned. Score:  41
Sequences (15:53) Aligned. Score:  91
Sequences (15:54) Aligned. Score:  69
Sequences (15:55) Aligned. Score:  87
Sequences (15:56) Aligned. Score:  14
Sequences (15:57) Aligned. Score:  87
Sequences (15:58) Aligned. Score:  78
Sequences (15:59) Aligned. Score:  42
Sequences (16:17) Aligned. Score:  78
Sequences (16:18) Aligned. Score:  78
Sequences (16:19) Aligned. Score:  80
Sequences (16:20) Aligned. Score:  76
Sequences (16:21) Aligned. Score:  68
Sequences (16:22) Aligned. Score:  68
Sequences (16:23) Aligned. Score:  68
Sequences (16:24) Aligned. Score:  67
Sequences (16:25) Aligned. Score:  69
Sequences (16:26) Aligned. Score:  70
Sequences (16:27) Aligned. Score:  69
Sequences (16:28) Aligned. Score:  69
Sequences (16:29) Aligned. Score:  69
Sequences (16:30) Aligned. Score:  40
Sequences (16:31) Aligned. Score:  40
Sequences (16:32) Aligned. Score:  38
Sequences (16:33) Aligned. Score:  37
Sequences (16:34) Aligned. Score:  39
Sequences (16:35) Aligned. Score:  38
Sequences (16:36) Aligned. Score:  39
Sequences (16:37) Aligned. Score:  40
Sequences (16:38) Aligned. Score:  38
Sequences (16:39) Aligned. Score:  38
Sequences (16:40) Aligned. Score:  39
Sequences (16:41) Aligned. Score:  39
Sequences (16:42) Aligned. Score:  39
Sequences (16:43) Aligned. Score:  39
Sequences (16:44) Aligned. Score:  39
Sequences (16:45) Aligned. Score:  40
Sequences (16:46) Aligned. Score:  40
Sequences (16:47) Aligned. Score:  41
Sequences (16:48) Aligned. Score:  39
Sequences (16:49) Aligned. Score:  39
Sequences (16:50) Aligned. Score:  39
Sequences (16:51) Aligned. Score:  39
Sequences (16:52) Aligned. Score:  39
Sequences (16:53) Aligned. Score:  84
Sequences (16:54) Aligned. Score:  66
Sequences (16:55) Aligned. Score:  82
Sequences (16:56) Aligned. Score:  13
Sequences (16:57) Aligned. Score:  82
Sequences (16:58) Aligned. Score:  74
Sequences (16:59) Aligned. Score:  41
Sequences (17:18) Aligned. Score:  79
Sequences (17:19) Aligned. Score:  82
Sequences (17:20) Aligned. Score:  79
Sequences (17:21) Aligned. Score:  71
Sequences (17:22) Aligned. Score:  71
Sequences (17:23) Aligned. Score:  73
Sequences (17:24) Aligned. Score:  71
Sequences (17:25) Aligned. Score:  72
Sequences (17:26) Aligned. Score:  72
Sequences (17:27) Aligned. Score:  73
Sequences (17:28) Aligned. Score:  73
Sequences (17:29) Aligned. Score:  73
Sequences (17:30) Aligned. Score:  40
Sequences (17:31) Aligned. Score:  40
Sequences (17:32) Aligned. Score:  40
Sequences (17:33) Aligned. Score:  39
Sequences (17:34) Aligned. Score:  39
Sequences (17:35) Aligned. Score:  39
Sequences (17:36) Aligned. Score:  41
Sequences (17:37) Aligned. Score:  40
Sequences (17:38) Aligned. Score:  40
Sequences (17:39) Aligned. Score:  39
Sequences (17:40) Aligned. Score:  39
Sequences (17:41) Aligned. Score:  39
Sequences (17:42) Aligned. Score:  42
Sequences (17:43) Aligned. Score:  41
Sequences (17:44) Aligned. Score:  39
Sequences (17:45) Aligned. Score:  41
Sequences (17:46) Aligned. Score:  42
Sequences (17:47) Aligned. Score:  42
Sequences (17:48) Aligned. Score:  39
Sequences (17:49) Aligned. Score:  41
Sequences (17:50) Aligned. Score:  41
Sequences (17:51) Aligned. Score:  42
Sequences (17:52) Aligned. Score:  41
Sequences (17:53) Aligned. Score:  83
Sequences (17:54) Aligned. Score:  71
Sequences (17:55) Aligned. Score:  82
Sequences (17:56) Aligned. Score:  13
Sequences (17:57) Aligned. Score:  82
Sequences (17:58) Aligned. Score:  74
Sequences (17:59) Aligned. Score:  42
Sequences (18:19) Aligned. Score:  81
Sequences (18:20) Aligned. Score:  79
Sequences (18:21) Aligned. Score:  70
Sequences (18:22) Aligned. Score:  70
Sequences (18:23) Aligned. Score:  70
Sequences (18:24) Aligned. Score:  69
Sequences (18:25) Aligned. Score:  71
Sequences (18:26) Aligned. Score:  72
Sequences (18:27) Aligned. Score:  73
Sequences (18:28) Aligned. Score:  73
Sequences (18:29) Aligned. Score:  72
Sequences (18:30) Aligned. Score:  38
Sequences (18:31) Aligned. Score:  37
Sequences (18:32) Aligned. Score:  37
Sequences (18:33) Aligned. Score:  36
Sequences (18:34) Aligned. Score:  37
Sequences (18:35) Aligned. Score:  36
Sequences (18:36) Aligned. Score:  38
Sequences (18:37) Aligned. Score:  37
Sequences (18:38) Aligned. Score:  37
Sequences (18:39) Aligned. Score:  36
Sequences (18:40) Aligned. Score:  37
Sequences (18:41) Aligned. Score:  38
Sequences (18:42) Aligned. Score:  40
Sequences (18:43) Aligned. Score:  39
Sequences (18:44) Aligned. Score:  37
Sequences (18:45) Aligned. Score:  38
Sequences (18:46) Aligned. Score:  40
Sequences (18:47) Aligned. Score:  38
Sequences (18:48) Aligned. Score:  38
Sequences (18:49) Aligned. Score:  38
Sequences (18:50) Aligned. Score:  38
Sequences (18:51) Aligned. Score:  39
Sequences (18:52) Aligned. Score:  39
Sequences (18:53) Aligned. Score:  84
Sequences (18:54) Aligned. Score:  69
Sequences (18:55) Aligned. Score:  82
Sequences (18:56) Aligned. Score:  13
Sequences (18:57) Aligned. Score:  82
Sequences (18:58) Aligned. Score:  74
Sequences (18:59) Aligned. Score:  40
Sequences (19:20) Aligned. Score:  84
Sequences (19:21) Aligned. Score:  73
Sequences (19:22) Aligned. Score:  73
Sequences (19:23) Aligned. Score:  73
Sequences (19:24) Aligned. Score:  71
Sequences (19:25) Aligned. Score:  72
Sequences (19:26) Aligned. Score:  72
Sequences (19:27) Aligned. Score:  75
Sequences (19:28) Aligned. Score:  74
Sequences (19:29) Aligned. Score:  74
Sequences (19:30) Aligned. Score:  40
Sequences (19:31) Aligned. Score:  39
Sequences (19:32) Aligned. Score:  38
Sequences (19:33) Aligned. Score:  39
Sequences (19:34) Aligned. Score:  39
Sequences (19:35) Aligned. Score:  39
Sequences (19:36) Aligned. Score:  40
Sequences (19:37) Aligned. Score:  40
Sequences (19:38) Aligned. Score:  39
Sequences (19:39) Aligned. Score:  39
Sequences (19:40) Aligned. Score:  39
Sequences (19:41) Aligned. Score:  40
Sequences (19:42) Aligned. Score:  43
Sequences (19:43) Aligned. Score:  41
Sequences (19:44) Aligned. Score:  39
Sequences (19:45) Aligned. Score:  42
Sequences (19:46) Aligned. Score:  43
Sequences (19:47) Aligned. Score:  41
Sequences (19:48) Aligned. Score:  41
Sequences (19:49) Aligned. Score:  41
Sequences (19:50) Aligned. Score:  41
Sequences (19:51) Aligned. Score:  40
Sequences (19:52) Aligned. Score:  41
Sequences (19:53) Aligned. Score:  86
Sequences (19:54) Aligned. Score:  71
Sequences (19:55) Aligned. Score:  82
Sequences (19:56) Aligned. Score:  15
Sequences (19:57) Aligned. Score:  82
Sequences (19:58) Aligned. Score:  73
Sequences (19:59) Aligned. Score:  43
Sequences (20:21) Aligned. Score:  71
Sequences (20:22) Aligned. Score:  72
Sequences (20:23) Aligned. Score:  72
Sequences (20:24) Aligned. Score:  70
Sequences (20:25) Aligned. Score:  71
Sequences (20:26) Aligned. Score:  71
Sequences (20:27) Aligned. Score:  73
Sequences (20:28) Aligned. Score:  73
Sequences (20:29) Aligned. Score:  73
Sequences (20:30) Aligned. Score:  40
Sequences (20:31) Aligned. Score:  40
Sequences (20:32) Aligned. Score:  39
Sequences (20:33) Aligned. Score:  40
Sequences (20:34) Aligned. Score:  40
Sequences (20:35) Aligned. Score:  40
Sequences (20:36) Aligned. Score:  41
Sequences (20:37) Aligned. Score:  40
Sequences (20:38) Aligned. Score:  39
Sequences (20:39) Aligned. Score:  39
Sequences (20:40) Aligned. Score:  40
Sequences (20:41) Aligned. Score:  41
Sequences (20:42) Aligned. Score:  41
Sequences (20:43) Aligned. Score:  39
Sequences (20:44) Aligned. Score:  38
Sequences (20:45) Aligned. Score:  41
Sequences (20:46) Aligned. Score:  41
Sequences (20:47) Aligned. Score:  40
Sequences (20:48) Aligned. Score:  39
Sequences (20:49) Aligned. Score:  40
Sequences (20:50) Aligned. Score:  39
Sequences (20:51) Aligned. Score:  39
Sequences (20:52) Aligned. Score:  38
Sequences (20:53) Aligned. Score:  83
Sequences (20:54) Aligned. Score:  70
Sequences (20:55) Aligned. Score:  79
Sequences (20:56) Aligned. Score:  13
Sequences (20:57) Aligned. Score:  79
Sequences (20:58) Aligned. Score:  70
Sequences (20:59) Aligned. Score:  41
Sequences (21:22) Aligned. Score:  99
Sequences (21:23) Aligned. Score:  88
Sequences (21:24) Aligned. Score:  87
Sequences (21:25) Aligned. Score:  87
Sequences (21:26) Aligned. Score:  87
Sequences (21:27) Aligned. Score:  80
Sequences (21:28) Aligned. Score:  82
Sequences (21:29) Aligned. Score:  81
Sequences (21:30) Aligned. Score:  39
Sequences (21:31) Aligned. Score:  38
Sequences (21:32) Aligned. Score:  38
Sequences (21:33) Aligned. Score:  37
Sequences (21:34) Aligned. Score:  38
Sequences (21:35) Aligned. Score:  38
Sequences (21:36) Aligned. Score:  38
Sequences (21:37) Aligned. Score:  39
Sequences (21:38) Aligned. Score:  39
Sequences (21:39) Aligned. Score:  38
Sequences (21:40) Aligned. Score:  38
Sequences (21:41) Aligned. Score:  38
Sequences (21:42) Aligned. Score:  41
Sequences (21:43) Aligned. Score:  40
Sequences (21:44) Aligned. Score:  39
Sequences (21:45) Aligned. Score:  39
Sequences (21:46) Aligned. Score:  41
Sequences (21:47) Aligned. Score:  41
Sequences (21:48) Aligned. Score:  40
Sequences (21:49) Aligned. Score:  40
Sequences (21:50) Aligned. Score:  40
Sequences (21:51) Aligned. Score:  40
Sequences (21:52) Aligned. Score:  39
Sequences (21:53) Aligned. Score:  72
Sequences (21:54) Aligned. Score:  99
Sequences (21:55) Aligned. Score:  71
Sequences (21:56) Aligned. Score:  10
Sequences (21:57) Aligned. Score:  71
Sequences (21:58) Aligned. Score:  65
Sequences (21:59) Aligned. Score:  41
Sequences (22:23) Aligned. Score:  88
Sequences (22:24) Aligned. Score:  87
Sequences (22:25) Aligned. Score:  87
Sequences (22:26) Aligned. Score:  87
Sequences (22:27) Aligned. Score:  80
Sequences (22:28) Aligned. Score:  81
Sequences (22:29) Aligned. Score:  81
Sequences (22:30) Aligned. Score:  38
Sequences (22:31) Aligned. Score:  38
Sequences (22:32) Aligned. Score:  38
Sequences (22:33) Aligned. Score:  37
Sequences (22:34) Aligned. Score:  38
Sequences (22:35) Aligned. Score:  38
Sequences (22:36) Aligned. Score:  38
Sequences (22:37) Aligned. Score:  38
Sequences (22:38) Aligned. Score:  38
Sequences (22:39) Aligned. Score:  38
Sequences (22:40) Aligned. Score:  38
Sequences (22:41) Aligned. Score:  37
Sequences (22:42) Aligned. Score:  41
Sequences (22:43) Aligned. Score:  39
Sequences (22:44) Aligned. Score:  38
Sequences (22:45) Aligned. Score:  39
Sequences (22:46) Aligned. Score:  41
Sequences (22:47) Aligned. Score:  40
Sequences (22:48) Aligned. Score:  40
Sequences (22:49) Aligned. Score:  40
Sequences (22:50) Aligned. Score:  39
Sequences (22:51) Aligned. Score:  40
Sequences (22:52) Aligned. Score:  38
Sequences (22:53) Aligned. Score:  73
Sequences (22:54) Aligned. Score:  98
Sequences (22:55) Aligned. Score:  71
Sequences (22:56) Aligned. Score:  10
Sequences (22:57) Aligned. Score:  71
Sequences (22:58) Aligned. Score:  65
Sequences (22:59) Aligned. Score:  41
Sequences (23:24) Aligned. Score:  96
Sequences (23:25) Aligned. Score:  90
Sequences (23:26) Aligned. Score:  89
Sequences (23:27) Aligned. Score:  82
Sequences (23:28) Aligned. Score:  82
Sequences (23:29) Aligned. Score:  82
Sequences (23:30) Aligned. Score:  39
Sequences (23:31) Aligned. Score:  39
Sequences (23:32) Aligned. Score:  38
Sequences (23:33) Aligned. Score:  38
Sequences (23:34) Aligned. Score:  39
Sequences (23:35) Aligned. Score:  39
Sequences (23:36) Aligned. Score:  39
Sequences (23:37) Aligned. Score:  39
Sequences (23:38) Aligned. Score:  40
Sequences (23:39) Aligned. Score:  39
Sequences (23:40) Aligned. Score:  39
Sequences (23:41) Aligned. Score:  38
Sequences (23:42) Aligned. Score:  41
Sequences (23:43) Aligned. Score:  39
Sequences (23:44) Aligned. Score:  40
Sequences (23:45) Aligned. Score:  42
Sequences (23:46) Aligned. Score:  43
Sequences (23:47) Aligned. Score:  41
Sequences (23:48) Aligned. Score:  41
Sequences (23:49) Aligned. Score:  41
Sequences (23:50) Aligned. Score:  41
Sequences (23:51) Aligned. Score:  40
Sequences (23:52) Aligned. Score:  41
Sequences (23:53) Aligned. Score:  74
Sequences (23:54) Aligned. Score:  88
Sequences (23:55) Aligned. Score:  72
Sequences (23:56) Aligned. Score:  13
Sequences (23:57) Aligned. Score:  72
Sequences (23:58) Aligned. Score:  66
Sequences (23:59) Aligned. Score:  42
Sequences (24:25) Aligned. Score:  88
Sequences (24:26) Aligned. Score:  88
Sequences (24:27) Aligned. Score:  81
Sequences (24:28) Aligned. Score:  81
Sequences (24:29) Aligned. Score:  81
Sequences (24:30) Aligned. Score:  40
Sequences (24:31) Aligned. Score:  40
Sequences (24:32) Aligned. Score:  39
Sequences (24:33) Aligned. Score:  38
Sequences (24:34) Aligned. Score:  40
Sequences (24:35) Aligned. Score:  39
Sequences (24:36) Aligned. Score:  39
Sequences (24:37) Aligned. Score:  40
Sequences (24:38) Aligned. Score:  40
Sequences (24:39) Aligned. Score:  40
Sequences (24:40) Aligned. Score:  39
Sequences (24:41) Aligned. Score:  38
Sequences (24:42) Aligned. Score:  41
Sequences (24:43) Aligned. Score:  40
Sequences (24:44) Aligned. Score:  39
Sequences (24:45) Aligned. Score:  41
Sequences (24:46) Aligned. Score:  42
Sequences (24:47) Aligned. Score:  41
Sequences (24:48) Aligned. Score:  40
Sequences (24:49) Aligned. Score:  41
Sequences (24:50) Aligned. Score:  40
Sequences (24:51) Aligned. Score:  40
Sequences (24:52) Aligned. Score:  40
Sequences (24:53) Aligned. Score:  73
Sequences (24:54) Aligned. Score:  87
Sequences (24:55) Aligned. Score:  70
Sequences (24:56) Aligned. Score:  14
Sequences (24:57) Aligned. Score:  70
Sequences (24:58) Aligned. Score:  65
Sequences (24:59) Aligned. Score:  42
Sequences (25:26) Aligned. Score:  92
Sequences (25:27) Aligned. Score:  82
Sequences (25:28) Aligned. Score:  84
Sequences (25:29) Aligned. Score:  84
Sequences (25:30) Aligned. Score:  39
Sequences (25:31) Aligned. Score:  39
Sequences (25:32) Aligned. Score:  38
Sequences (25:33) Aligned. Score:  38
Sequences (25:34) Aligned. Score:  38
Sequences (25:35) Aligned. Score:  38
Sequences (25:36) Aligned. Score:  39
Sequences (25:37) Aligned. Score:  40
Sequences (25:38) Aligned. Score:  39
Sequences (25:39) Aligned. Score:  39
Sequences (25:40) Aligned. Score:  39
Sequences (25:41) Aligned. Score:  39
Sequences (25:42) Aligned. Score:  41
Sequences (25:43) Aligned. Score:  39
Sequences (25:44) Aligned. Score:  39
Sequences (25:45) Aligned. Score:  40
Sequences (25:46) Aligned. Score:  41
Sequences (25:47) Aligned. Score:  40
Sequences (25:48) Aligned. Score:  40
Sequences (25:49) Aligned. Score:  40
Sequences (25:50) Aligned. Score:  39
Sequences (25:51) Aligned. Score:  40
Sequences (25:52) Aligned. Score:  40
Sequences (25:53) Aligned. Score:  73
Sequences (25:54) Aligned. Score:  87
Sequences (25:55) Aligned. Score:  72
Sequences (25:56) Aligned. Score:  13
Sequences (25:57) Aligned. Score:  72
Sequences (25:58) Aligned. Score:  67
Sequences (25:59) Aligned. Score:  42
Sequences (26:27) Aligned. Score:  83
Sequences (26:28) Aligned. Score:  85
Sequences (26:29) Aligned. Score:  85
Sequences (26:30) Aligned. Score:  39
Sequences (26:31) Aligned. Score:  40
Sequences (26:32) Aligned. Score:  39
Sequences (26:33) Aligned. Score:  38
Sequences (26:34) Aligned. Score:  39
Sequences (26:35) Aligned. Score:  39
Sequences (26:36) Aligned. Score:  39
Sequences (26:37) Aligned. Score:  40
Sequences (26:38) Aligned. Score:  39
Sequences (26:39) Aligned. Score:  38
Sequences (26:40) Aligned. Score:  39
Sequences (26:41) Aligned. Score:  38
Sequences (26:42) Aligned. Score:  41
Sequences (26:43) Aligned. Score:  40
Sequences (26:44) Aligned. Score:  40
Sequences (26:45) Aligned. Score:  40
Sequences (26:46) Aligned. Score:  41
Sequences (26:47) Aligned. Score:  41
Sequences (26:48) Aligned. Score:  39
Sequences (26:49) Aligned. Score:  41
Sequences (26:50) Aligned. Score:  39
Sequences (26:51) Aligned. Score:  41
Sequences (26:52) Aligned. Score:  40
Sequences (26:53) Aligned. Score:  73
Sequences (26:54) Aligned. Score:  87
Sequences (26:55) Aligned. Score:  73
Sequences (26:56) Aligned. Score:  12
Sequences (26:57) Aligned. Score:  73
Sequences (26:58) Aligned. Score:  68
Sequences (26:59) Aligned. Score:  42
Sequences (27:28) Aligned. Score:  90
Sequences (27:29) Aligned. Score:  90
Sequences (27:30) Aligned. Score:  40
Sequences (27:31) Aligned. Score:  40
Sequences (27:32) Aligned. Score:  39
Sequences (27:33) Aligned. Score:  38
Sequences (27:34) Aligned. Score:  39
Sequences (27:35) Aligned. Score:  38
Sequences (27:36) Aligned. Score:  39
Sequences (27:37) Aligned. Score:  38
Sequences (27:38) Aligned. Score:  40
Sequences (27:39) Aligned. Score:  39
Sequences (27:40) Aligned. Score:  39
Sequences (27:41) Aligned. Score:  40
Sequences (27:42) Aligned. Score:  41
Sequences (27:43) Aligned. Score:  39
Sequences (27:44) Aligned. Score:  40
Sequences (27:45) Aligned. Score:  41
Sequences (27:46) Aligned. Score:  41
Sequences (27:47) Aligned. Score:  41
Sequences (27:48) Aligned. Score:  39
Sequences (27:49) Aligned. Score:  40
Sequences (27:50) Aligned. Score:  40
Sequences (27:51) Aligned. Score:  40
Sequences (27:52) Aligned. Score:  40
Sequences (27:53) Aligned. Score:  74
Sequences (27:54) Aligned. Score:  80
Sequences (27:55) Aligned. Score:  73
Sequences (27:56) Aligned. Score:  12
Sequences (27:57) Aligned. Score:  73
Sequences (27:58) Aligned. Score:  67
Sequences (27:59) Aligned. Score:  42
Sequences (28:29) Aligned. Score:  99
Sequences (28:30) Aligned. Score:  40
Sequences (28:31) Aligned. Score:  40
Sequences (28:32) Aligned. Score:  39
Sequences (28:33) Aligned. Score:  38
Sequences (28:34) Aligned. Score:  39
Sequences (28:35) Aligned. Score:  38
Sequences (28:36) Aligned. Score:  39
Sequences (28:37) Aligned. Score:  39
Sequences (28:38) Aligned. Score:  39
Sequences (28:39) Aligned. Score:  38
Sequences (28:40) Aligned. Score:  39
Sequences (28:41) Aligned. Score:  39
Sequences (28:42) Aligned. Score:  42
Sequences (28:43) Aligned. Score:  40
Sequences (28:44) Aligned. Score:  40
Sequences (28:45) Aligned. Score:  40
Sequences (28:46) Aligned. Score:  42
Sequences (28:47) Aligned. Score:  42
Sequences (28:48) Aligned. Score:  40
Sequences (28:49) Aligned. Score:  41
Sequences (28:50) Aligned. Score:  40
Sequences (28:51) Aligned. Score:  41
Sequences (28:52) Aligned. Score:  40
Sequences (28:53) Aligned. Score:  73
Sequences (28:54) Aligned. Score:  82
Sequences (28:55) Aligned. Score:  72
Sequences (28:56) Aligned. Score:  13
Sequences (28:57) Aligned. Score:  72
Sequences (28:58) Aligned. Score:  67
Sequences (28:59) Aligned. Score:  42
Sequences (29:30) Aligned. Score:  40
Sequences (29:31) Aligned. Score:  40
Sequences (29:32) Aligned. Score:  39
Sequences (29:33) Aligned. Score:  39
Sequences (29:34) Aligned. Score:  40
Sequences (29:35) Aligned. Score:  39
Sequences (29:36) Aligned. Score:  40
Sequences (29:37) Aligned. Score:  39
Sequences (29:38) Aligned. Score:  40
Sequences (29:39) Aligned. Score:  39
Sequences (29:40) Aligned. Score:  40
Sequences (29:41) Aligned. Score:  40
Sequences (29:42) Aligned. Score:  42
Sequences (29:43) Aligned. Score:  40
Sequences (29:44) Aligned. Score:  40
Sequences (29:45) Aligned. Score:  41
Sequences (29:46) Aligned. Score:  42
Sequences (29:47) Aligned. Score:  42
Sequences (29:48) Aligned. Score:  40
Sequences (29:49) Aligned. Score:  42
Sequences (29:50) Aligned. Score:  40
Sequences (29:51) Aligned. Score:  41
Sequences (29:52) Aligned. Score:  41
Sequences (29:53) Aligned. Score:  73
Sequences (29:54) Aligned. Score:  81
Sequences (29:55) Aligned. Score:  72
Sequences (29:56) Aligned. Score:  13
Sequences (29:57) Aligned. Score:  72
Sequences (29:58) Aligned. Score:  67
Sequences (29:59) Aligned. Score:  42
Sequences (30:31) Aligned. Score:  92
Sequences (30:32) Aligned. Score:  87
Sequences (30:33) Aligned. Score:  87
Sequences (30:34) Aligned. Score:  88
Sequences (30:35) Aligned. Score:  86
Sequences (30:36) Aligned. Score:  87
Sequences (30:37) Aligned. Score:  83
Sequences (30:38) Aligned. Score:  86
Sequences (30:39) Aligned. Score:  80
Sequences (30:40) Aligned. Score:  83
Sequences (30:41) Aligned. Score:  83
Sequences (30:42) Aligned. Score:  69
Sequences (30:43) Aligned. Score:  69
Sequences (30:44) Aligned. Score:  70
Sequences (30:45) Aligned. Score:  71
Sequences (30:46) Aligned. Score:  72
Sequences (30:47) Aligned. Score:  69
Sequences (30:48) Aligned. Score:  66
Sequences (30:49) Aligned. Score:  68
Sequences (30:50) Aligned. Score:  68
Sequences (30:51) Aligned. Score:  67
Sequences (30:52) Aligned. Score:  67
Sequences (30:53) Aligned. Score:  41
Sequences (30:54) Aligned. Score:  34
Sequences (30:55) Aligned. Score:  36
Sequences (30:56) Aligned. Score:  14
Sequences (30:57) Aligned. Score:  36
Sequences (30:58) Aligned. Score:  34
Sequences (30:59) Aligned. Score:  70
Sequences (31:32) Aligned. Score:  87
Sequences (31:33) Aligned. Score:  88
Sequences (31:34) Aligned. Score:  88
Sequences (31:35) Aligned. Score:  87
Sequences (31:36) Aligned. Score:  88
Sequences (31:37) Aligned. Score:  85
Sequences (31:38) Aligned. Score:  85
Sequences (31:39) Aligned. Score:  81
Sequences (31:40) Aligned. Score:  83
Sequences (31:41) Aligned. Score:  82
Sequences (31:42) Aligned. Score:  68
Sequences (31:43) Aligned. Score:  69
Sequences (31:44) Aligned. Score:  69
Sequences (31:45) Aligned. Score:  71
Sequences (31:46) Aligned. Score:  70
Sequences (31:47) Aligned. Score:  67
Sequences (31:48) Aligned. Score:  65
Sequences (31:49) Aligned. Score:  68
Sequences (31:50) Aligned. Score:  68
Sequences (31:51) Aligned. Score:  66
Sequences (31:52) Aligned. Score:  66
Sequences (31:53) Aligned. Score:  41
Sequences (31:54) Aligned. Score:  34
Sequences (31:55) Aligned. Score:  36
Sequences (31:56) Aligned. Score:  12
Sequences (31:57) Aligned. Score:  36
Sequences (31:58) Aligned. Score:  33
Sequences (31:59) Aligned. Score:  69
Sequences (32:33) Aligned. Score:  84
Sequences (32:34) Aligned. Score:  84
Sequences (32:35) Aligned. Score:  84
Sequences (32:36) Aligned. Score:  85
Sequences (32:37) Aligned. Score:  83
Sequences (32:38) Aligned. Score:  82
Sequences (32:39) Aligned. Score:  77
Sequences (32:40) Aligned. Score:  79
Sequences (32:41) Aligned. Score:  78
Sequences (32:42) Aligned. Score:  68
Sequences (32:43) Aligned. Score:  69
Sequences (32:44) Aligned. Score:  69
Sequences (32:45) Aligned. Score:  70
Sequences (32:46) Aligned. Score:  71
Sequences (32:47) Aligned. Score:  68
Sequences (32:48) Aligned. Score:  64
Sequences (32:49) Aligned. Score:  68
Sequences (32:50) Aligned. Score:  69
Sequences (32:51) Aligned. Score:  64
Sequences (32:52) Aligned. Score:  66
Sequences (32:53) Aligned. Score:  39
Sequences (32:54) Aligned. Score:  33
Sequences (32:55) Aligned. Score:  34
Sequences (32:56) Aligned. Score:  15
Sequences (32:57) Aligned. Score:  34
Sequences (32:58) Aligned. Score:  31
Sequences (32:59) Aligned. Score:  69
Sequences (33:34) Aligned. Score:  88
Sequences (33:35) Aligned. Score:  87
Sequences (33:36) Aligned. Score:  87
Sequences (33:37) Aligned. Score:  84
Sequences (33:38) Aligned. Score:  82
Sequences (33:39) Aligned. Score:  80
Sequences (33:40) Aligned. Score:  82
Sequences (33:41) Aligned. Score:  82
Sequences (33:42) Aligned. Score:  65
Sequences (33:43) Aligned. Score:  67
Sequences (33:44) Aligned. Score:  67
Sequences (33:45) Aligned. Score:  68
Sequences (33:46) Aligned. Score:  69
Sequences (33:47) Aligned. Score:  66
Sequences (33:48) Aligned. Score:  64
Sequences (33:49) Aligned. Score:  67
Sequences (33:50) Aligned. Score:  68
Sequences (33:51) Aligned. Score:  64
Sequences (33:52) Aligned. Score:  65
Sequences (33:53) Aligned. Score:  40
Sequences (33:54) Aligned. Score:  33
Sequences (33:55) Aligned. Score:  35
Sequences (33:56) Aligned. Score:  14
Sequences (33:57) Aligned. Score:  35
Sequences (33:58) Aligned. Score:  32
Sequences (33:59) Aligned. Score:  66
Sequences (34:35) Aligned. Score:  88
Sequences (34:36) Aligned. Score:  88
Sequences (34:37) Aligned. Score:  82
Sequences (34:38) Aligned. Score:  81
Sequences (34:39) Aligned. Score:  79
Sequences (34:40) Aligned. Score:  80
Sequences (34:41) Aligned. Score:  80
Sequences (34:42) Aligned. Score:  67
Sequences (34:43) Aligned. Score:  68
Sequences (34:44) Aligned. Score:  69
Sequences (34:45) Aligned. Score:  71
Sequences (34:46) Aligned. Score:  71
Sequences (34:47) Aligned. Score:  69
Sequences (34:48) Aligned. Score:  64
Sequences (34:49) Aligned. Score:  68
Sequences (34:50) Aligned. Score:  68
Sequences (34:51) Aligned. Score:  65
Sequences (34:52) Aligned. Score:  66
Sequences (34:53) Aligned. Score:  40
Sequences (34:54) Aligned. Score:  34
Sequences (34:55) Aligned. Score:  35
Sequences (34:56) Aligned. Score:  13
Sequences (34:57) Aligned. Score:  35
Sequences (34:58) Aligned. Score:  32
Sequences (34:59) Aligned. Score:  67
Sequences (35:36) Aligned. Score:  93
Sequences (35:37) Aligned. Score:  84
Sequences (35:38) Aligned. Score:  83
Sequences (35:39) Aligned. Score:  83
Sequences (35:40) Aligned. Score:  82
Sequences (35:41) Aligned. Score:  81
Sequences (35:42) Aligned. Score:  67
Sequences (35:43) Aligned. Score:  68
Sequences (35:44) Aligned. Score:  68
Sequences (35:45) Aligned. Score:  70
Sequences (35:46) Aligned. Score:  71
Sequences (35:47) Aligned. Score:  68
Sequences (35:48) Aligned. Score:  64
Sequences (35:49) Aligned. Score:  69
Sequences (35:50) Aligned. Score:  69
Sequences (35:51) Aligned. Score:  66
Sequences (35:52) Aligned. Score:  65
Sequences (35:53) Aligned. Score:  40
Sequences (35:54) Aligned. Score:  33
Sequences (35:55) Aligned. Score:  35
Sequences (35:56) Aligned. Score:  14
Sequences (35:57) Aligned. Score:  35
Sequences (35:58) Aligned. Score:  32
Sequences (35:59) Aligned. Score:  67
Sequences (36:37) Aligned. Score:  84
Sequences (36:38) Aligned. Score:  83
Sequences (36:39) Aligned. Score:  82
Sequences (36:40) Aligned. Score:  82
Sequences (36:41) Aligned. Score:  82
Sequences (36:42) Aligned. Score:  68
Sequences (36:43) Aligned. Score:  69
Sequences (36:44) Aligned. Score:  69
Sequences (36:45) Aligned. Score:  70
Sequences (36:46) Aligned. Score:  71
Sequences (36:47) Aligned. Score:  69
Sequences (36:48) Aligned. Score:  64
Sequences (36:49) Aligned. Score:  70
Sequences (36:50) Aligned. Score:  69
Sequences (36:51) Aligned. Score:  66
Sequences (36:52) Aligned. Score:  66
Sequences (36:53) Aligned. Score:  41
Sequences (36:54) Aligned. Score:  34
Sequences (36:55) Aligned. Score:  35
Sequences (36:56) Aligned. Score:  14
Sequences (36:57) Aligned. Score:  35
Sequences (36:58) Aligned. Score:  33
Sequences (36:59) Aligned. Score:  69
Sequences (37:38) Aligned. Score:  80
Sequences (37:39) Aligned. Score:  77
Sequences (37:40) Aligned. Score:  80
Sequences (37:41) Aligned. Score:  79
Sequences (37:42) Aligned. Score:  66
Sequences (37:43) Aligned. Score:  67
Sequences (37:44) Aligned. Score:  67
Sequences (37:45) Aligned. Score:  66
Sequences (37:46) Aligned. Score:  69
Sequences (37:47) Aligned. Score:  65
Sequences (37:48) Aligned. Score:  65
Sequences (37:49) Aligned. Score:  65
Sequences (37:50) Aligned. Score:  65
Sequences (37:51) Aligned. Score:  64
Sequences (37:52) Aligned. Score:  63
Sequences (37:53) Aligned. Score:  41
Sequences (37:54) Aligned. Score:  34
Sequences (37:55) Aligned. Score:  35
Sequences (37:56) Aligned. Score:  13
Sequences (37:57) Aligned. Score:  35
Sequences (37:58) Aligned. Score:  33
Sequences (37:59) Aligned. Score:  66
Sequences (38:39) Aligned. Score:  81
Sequences (38:40) Aligned. Score:  79
Sequences (38:41) Aligned. Score:  79
Sequences (38:42) Aligned. Score:  67
Sequences (38:43) Aligned. Score:  67
Sequences (38:44) Aligned. Score:  69
Sequences (38:45) Aligned. Score:  69
Sequences (38:46) Aligned. Score:  69
Sequences (38:47) Aligned. Score:  66
Sequences (38:48) Aligned. Score:  66
Sequences (38:49) Aligned. Score:  66
Sequences (38:50) Aligned. Score:  69
Sequences (38:51) Aligned. Score:  66
Sequences (38:52) Aligned. Score:  66
Sequences (38:53) Aligned. Score:  40
Sequences (38:54) Aligned. Score:  34
Sequences (38:55) Aligned. Score:  35
Sequences (38:56) Aligned. Score:  15
Sequences (38:57) Aligned. Score:  35
Sequences (38:58) Aligned. Score:  33
Sequences (38:59) Aligned. Score:  68
Sequences (39:40) Aligned. Score:  77
Sequences (39:41) Aligned. Score:  77
Sequences (39:42) Aligned. Score:  65
Sequences (39:43) Aligned. Score:  66
Sequences (39:44) Aligned. Score:  65
Sequences (39:45) Aligned. Score:  67
Sequences (39:46) Aligned. Score:  67
Sequences (39:47) Aligned. Score:  66
Sequences (39:48) Aligned. Score:  63
Sequences (39:49) Aligned. Score:  66
Sequences (39:50) Aligned. Score:  69
Sequences (39:51) Aligned. Score:  66
Sequences (39:52) Aligned. Score:  65
Sequences (39:53) Aligned. Score:  39
Sequences (39:54) Aligned. Score:  33
Sequences (39:55) Aligned. Score:  35
Sequences (39:56) Aligned. Score:  14
Sequences (39:57) Aligned. Score:  35
Sequences (39:58) Aligned. Score:  32
Sequences (39:59) Aligned. Score:  67
Sequences (40:41) Aligned. Score:  92
Sequences (40:42) Aligned. Score:  67
Sequences (40:43) Aligned. Score:  67
Sequences (40:44) Aligned. Score:  67
Sequences (40:45) Aligned. Score:  70
Sequences (40:46) Aligned. Score:  69
Sequences (40:47) Aligned. Score:  65
Sequences (40:48) Aligned. Score:  65
Sequences (40:49) Aligned. Score:  67
Sequences (40:50) Aligned. Score:  67
Sequences (40:51) Aligned. Score:  65
Sequences (40:52) Aligned. Score:  64
Sequences (40:53) Aligned. Score:  39
Sequences (40:54) Aligned. Score:  33
Sequences (40:55) Aligned. Score:  35
Sequences (40:56) Aligned. Score:  15
Sequences (40:57) Aligned. Score:  35
Sequences (40:58) Aligned. Score:  32
Sequences (40:59) Aligned. Score:  68
Sequences (41:42) Aligned. Score:  67
Sequences (41:43) Aligned. Score:  67
Sequences (41:44) Aligned. Score:  67
Sequences (41:45) Aligned. Score:  71
Sequences (41:46) Aligned. Score:  69
Sequences (41:47) Aligned. Score:  66
Sequences (41:48) Aligned. Score:  66
Sequences (41:49) Aligned. Score:  68
Sequences (41:50) Aligned. Score:  68
Sequences (41:51) Aligned. Score:  65
Sequences (41:52) Aligned. Score:  65
Sequences (41:53) Aligned. Score:  40
Sequences (41:54) Aligned. Score:  33
Sequences (41:55) Aligned. Score:  35
Sequences (41:56) Aligned. Score:  14
Sequences (41:57) Aligned. Score:  35
Sequences (41:58) Aligned. Score:  32
Sequences (41:59) Aligned. Score:  68
Sequences (42:43) Aligned. Score:  89
Sequences (42:44) Aligned. Score:  76
Sequences (42:45) Aligned. Score:  73
Sequences (42:46) Aligned. Score:  73
Sequences (42:47) Aligned. Score:  68
Sequences (42:48) Aligned. Score:  68
Sequences (42:49) Aligned. Score:  70
Sequences (42:50) Aligned. Score:  69
Sequences (42:51) Aligned. Score:  63
Sequences (42:52) Aligned. Score:  67
Sequences (42:53) Aligned. Score:  43
Sequences (42:54) Aligned. Score:  36
Sequences (42:55) Aligned. Score:  37
Sequences (42:56) Aligned. Score:  13
Sequences (42:57) Aligned. Score:  37
Sequences (42:58) Aligned. Score:  34
Sequences (42:59) Aligned. Score:  76
Sequences (43:44) Aligned. Score:  75
Sequences (43:45) Aligned. Score:  74
Sequences (43:46) Aligned. Score:  74
Sequences (43:47) Aligned. Score:  69
Sequences (43:48) Aligned. Score:  67
Sequences (43:49) Aligned. Score:  69
Sequences (43:50) Aligned. Score:  70
Sequences (43:51) Aligned. Score:  65
Sequences (43:52) Aligned. Score:  67
Sequences (43:53) Aligned. Score:  41
Sequences (43:54) Aligned. Score:  35
Sequences (43:55) Aligned. Score:  36
Sequences (43:56) Aligned. Score:  16
Sequences (43:57) Aligned. Score:  36
Sequences (43:58) Aligned. Score:  33
Sequences (43:59) Aligned. Score:  77
Sequences (44:45) Aligned. Score:  78
Sequences (44:46) Aligned. Score:  80
Sequences (44:47) Aligned. Score:  70
Sequences (44:48) Aligned. Score:  68
Sequences (44:49) Aligned. Score:  71
Sequences (44:50) Aligned. Score:  70
Sequences (44:51) Aligned. Score:  64
Sequences (44:52) Aligned. Score:  65
Sequences (44:53) Aligned. Score:  40
Sequences (44:54) Aligned. Score:  33
Sequences (44:55) Aligned. Score:  34
Sequences (44:56) Aligned. Score:  17
Sequences (44:57) Aligned. Score:  34
Sequences (44:58) Aligned. Score:  32
Sequences (44:59) Aligned. Score:  73
Sequences (45:46) Aligned. Score:  82
Sequences (45:47) Aligned. Score:  71
Sequences (45:48) Aligned. Score:  68
Sequences (45:49) Aligned. Score:  72
Sequences (45:50) Aligned. Score:  73
Sequences (45:51) Aligned. Score:  63
Sequences (45:52) Aligned. Score:  67
Sequences (45:53) Aligned. Score:  41
Sequences (45:54) Aligned. Score:  34
Sequences (45:55) Aligned. Score:  36
Sequences (45:56) Aligned. Score:  14
Sequences (45:57) Aligned. Score:  36
Sequences (45:58) Aligned. Score:  34
Sequences (45:59) Aligned. Score:  79
Sequences (46:47) Aligned. Score:  73
Sequences (46:48) Aligned. Score:  69
Sequences (46:49) Aligned. Score:  74
Sequences (46:50) Aligned. Score:  74
Sequences (46:51) Aligned. Score:  66
Sequences (46:52) Aligned. Score:  65
Sequences (46:53) Aligned. Score:  42
Sequences (46:54) Aligned. Score:  36
Sequences (46:55) Aligned. Score:  36
Sequences (46:56) Aligned. Score:  14
Sequences (46:57) Aligned. Score:  36
Sequences (46:58) Aligned. Score:  34
Sequences (46:59) Aligned. Score:  78
Sequences (47:48) Aligned. Score:  68
Sequences (47:49) Aligned. Score:  73
Sequences (47:50) Aligned. Score:  73
Sequences (47:51) Aligned. Score:  67
Sequences (47:52) Aligned. Score:  65
Sequences (47:53) Aligned. Score:  42
Sequences (47:54) Aligned. Score:  36
Sequences (47:55) Aligned. Score:  37
Sequences (47:56) Aligned. Score:  14
Sequences (47:57) Aligned. Score:  37
Sequences (47:58) Aligned. Score:  34
Sequences (47:59) Aligned. Score:  70
Sequences (48:49) Aligned. Score:  69
Sequences (48:50) Aligned. Score:  69
Sequences (48:51) Aligned. Score:  65
Sequences (48:52) Aligned. Score:  66
Sequences (48:53) Aligned. Score:  41
Sequences (48:54) Aligned. Score:  35
Sequences (48:55) Aligned. Score:  34
Sequences (48:56) Aligned. Score:  16
Sequences (48:57) Aligned. Score:  34
Sequences (48:58) Aligned. Score:  32
Sequences (48:59) Aligned. Score:  67
Sequences (49:50) Aligned. Score:  75
Sequences (49:51) Aligned. Score:  69
Sequences (49:52) Aligned. Score:  67
Sequences (49:53) Aligned. Score:  42
Sequences (49:54) Aligned. Score:  35
Sequences (49:55) Aligned. Score:  35
Sequences (49:56) Aligned. Score:  16
Sequences (49:57) Aligned. Score:  35
Sequences (49:58) Aligned. Score:  33
Sequences (49:59) Aligned. Score:  69
Sequences (50:51) Aligned. Score:  68
Sequences (50:52) Aligned. Score:  68
Sequences (50:53) Aligned. Score:  41
Sequences (50:54) Aligned. Score:  35
Sequences (50:55) Aligned. Score:  36
Sequences (50:56) Aligned. Score:  17
Sequences (50:57) Aligned. Score:  36
Sequences (50:58) Aligned. Score:  33
Sequences (50:59) Aligned. Score:  73
Sequences (51:52) Aligned. Score:  70
Sequences (51:53) Aligned. Score:  41
Sequences (51:54) Aligned. Score:  35
Sequences (51:55) Aligned. Score:  35
Sequences (51:56) Aligned. Score:  14
Sequences (51:57) Aligned. Score:  35
Sequences (51:58) Aligned. Score:  33
Sequences (51:59) Aligned. Score:  64
Sequences (52:53) Aligned. Score:  42
Sequences (52:54) Aligned. Score:  34
Sequences (52:55) Aligned. Score:  36
Sequences (52:56) Aligned. Score:  12
Sequences (52:57) Aligned. Score:  36
Sequences (52:58) Aligned. Score:  34
Sequences (52:59) Aligned. Score:  66
Sequences (53:54) Aligned. Score:  73
Sequences (53:55) Aligned. Score:  92
Sequences (53:56) Aligned. Score:  13
Sequences (53:57) Aligned. Score:  92
Sequences (53:58) Aligned. Score:  81
Sequences (53:59) Aligned. Score:  44
Sequences (54:55) Aligned. Score:  58
Sequences (54:56) Aligned. Score:  13
Sequences (54:57) Aligned. Score:  58
Sequences (54:58) Aligned. Score:  59
Sequences (54:59) Aligned. Score:  40
Sequences (55:56) Aligned. Score:  13
Sequences (55:57) Aligned. Score:  100
Sequences (55:58) Aligned. Score:  98
Sequences (55:59) Aligned. Score:  37
Sequences (56:57) Aligned. Score:  13
Sequences (56:58) Aligned. Score:  13
Sequences (56:59) Aligned. Score:  18
Sequences (57:58) Aligned. Score:  98
Sequences (57:59) Aligned. Score:  37
Sequences (58:59) Aligned. Score:  38
Guide tree file created:   [nifD_seqs.dnd]

There are 58 groups
Start of Multiple Alignment

Aligning...
Group 1: Sequences:   2      Score:11541
Group 2: Sequences:   2      Score:11347
Group 3: Sequences:   2      Score:11578
Group 4: Sequences:   4      Score:11325
Group 5: Sequences:   6      Score:11338
Group 6: Sequences:   7      Score:11215
Group 7: Sequences:   8      Score:11144
Group 8: Sequences:   9      Score:11077
Group 9: Sequences:  10      Score:10931
Group 10: Sequences:   2      Score:11599
Group 11: Sequences:  12      Score:10896
Group 12: Sequences:   2      Score:11346
Group 13: Sequences:   2      Score:10890
Group 14: Sequences:   3      Score:10854
Group 15: Sequences:   5      Score:10442
Group 16: Sequences:   6      Score:10608
Group 17: Sequences:   2      Score:10674
Group 18: Sequences:   3      Score:10372
Group 19: Sequences:   9      Score:10023
Group 20: Sequences:  10      Score:10168
Group 21: Sequences:  22      Score:9458
Group 22: Sequences:   2      Score:10291
Group 23: Sequences:  24      Score:9940
Group 24: Sequences:  25      Score:8690
Group 25: Sequences:   2      Score:10788
Group 26: Sequences:   2      Score:10719
Group 27: Sequences:   3      Score:10575
Group 28: Sequences:   4      Score:10597
Group 29: Sequences:   5      Score:10455
Group 30: Sequences:   2      Score:10757
Group 31: Sequences:   7      Score:10452
Group 32: Sequences:   2      Score:10510
Group 33: Sequences:   3      Score:10559
Group 34: Sequences:   4      Score:10348
Group 35: Sequences:  11      Score:10203
Group 36: Sequences:   2      Score:12726
Group 37: Sequences:   3      Score:12845
Group 38: Sequences:   4      Score:9454
Group 39: Sequences:   5      Score:9499
Group 40: Sequences:  16      Score:9559
Group 41: Sequences:  18      Score:10057
Group 42: Sequences:  19      Score:9883
Group 43: Sequences:  20      Score:9776
Group 44: Sequences:  21      Score:9568
Group 45: Sequences:   2      Score:10074
Group 46: Sequences:  23      Score:9724
Group 47: Sequences:   2      Score:10506
Group 48: Sequences:   3      Score:10488
Group 49: Sequences:   2      Score:10364
Group 50: Sequences:   2      Score:10186
Group 51: Sequences:   4      Score:9986
Group 52: Sequences:   7      Score:9969
Group 53: Sequences:   2      Score:10411
Group 54: Sequences:   3      Score:10049
Group 55: Sequences:  10      Score:9564
Group 56: Sequences:  33      Score:8824
Group 57: Sequences:  58      Score:6457
Group 58:                     Delayed
Alignment Score 3058565

CLUSTAL-Alignment file created  [output_clustalw_align_nifD_seqs]

